2024-11-24 16:06:37.023007 INFO::Writing function arguments to log file
2024-11-24 16:06:37.031929 DEBUG::Function arguments
2024-11-24 16:06:37.033157 DEBUG::Output folder: ITSF
2024-11-24 16:06:37.035109 DEBUG::Min Abundance: 0.000000
2024-11-24 16:06:37.036085 DEBUG::Min Prevalence: 0.000000
2024-11-24 16:06:37.037279 DEBUG::Normalization: TSS
2024-11-24 16:06:37.091577 DEBUG::Transform: AST
2024-11-24 16:06:37.092111 DEBUG::Analysis method: LM
2024-11-24 16:06:37.092575 DEBUG::Max significance: 0.250000
2024-11-24 16:06:37.093022 DEBUG::Random effects:
2024-11-24 16:06:37.093586 DEBUG::Fixed effects: pH
2024-11-24 16:06:37.094063 DEBUG::Correction method: BH
2024-11-24 16:06:37.094516 DEBUG::Standardize: FALSE
2024-11-24 16:06:37.094935 DEBUG::Cores: 1
2024-11-24 16:06:37.095347 INFO::Verifying options selected are valid
2024-11-24 16:06:37.097756 INFO::Determining format of input files
2024-11-24 16:06:37.099216 INFO::Input format is data samples as rows and metadata samples as rows
2024-11-24 16:06:37.103103 DEBUG::A total of 23 samples were found in both the data and metadata
2024-11-24 16:06:37.103701 DEBUG::Reordering data/metadata to use same sample ordering
2024-11-24 16:06:37.109183 INFO::Formula for fixed effects: expr ~  pH
2024-11-24 16:06:37.111222 INFO::Filter data based on min abundance and min prevalence
2024-11-24 16:06:37.112458 INFO::Total samples in data: 23
2024-11-24 16:06:37.113543 INFO::Min samples required with min abundance for a feature not to be filtered: 0.000000
2024-11-24 16:06:37.120276 INFO::Total filtered features: 0
2024-11-24 16:06:37.122338 INFO::Filtered feature names from abundance and prevalence filtering:
2024-11-24 16:06:37.134377 INFO::Total filtered features with variance filtering: 0
2024-11-24 16:06:37.136174 INFO::Filtered feature names from variance filtering:
2024-11-24 16:06:37.138185 INFO::Running selected normalization method: TSS
2024-11-24 16:06:37.149886 INFO::Bypass z-score application to metadata
2024-11-24 16:06:37.151191 INFO::Running selected transform method: AST
2024-11-24 16:06:37.158544 INFO::Running selected analysis method: LM
2024-11-24 16:06:37.163785 INFO::Fitting model to feature number 1, Aaosphaeria
2024-11-24 16:06:37.171588 INFO::Fitting model to feature number 2, Absconditella
2024-11-24 16:06:37.174701 INFO::Fitting model to feature number 3, Acarospora
2024-11-24 16:06:37.178112 INFO::Fitting model to feature number 4, Acarosporales_gen_Incertae_sedis
2024-11-24 16:06:37.182007 INFO::Fitting model to feature number 5, Achroceratosphaeria
2024-11-24 16:06:37.185336 INFO::Fitting model to feature number 6, Acremonium
2024-11-24 16:06:37.189421 INFO::Fitting model to feature number 7, Agaricales_gen_Incertae_sedis
2024-11-24 16:06:37.192783 INFO::Fitting model to feature number 8, Agaricomycetes_gen_Incertae_sedis
2024-11-24 16:06:37.19594 INFO::Fitting model to feature number 9, Agaricostilbales_gen_Incertae_sedis
2024-11-24 16:06:37.199227 INFO::Fitting model to feature number 10, Agonimia
2024-11-24 16:06:37.20259 INFO::Fitting model to feature number 11, Alatospora
2024-11-24 16:06:37.20606 INFO::Fitting model to feature number 12, Allantophomopsiella
2024-11-24 16:06:37.211081 INFO::Fitting model to feature number 13, Alternaria
2024-11-24 16:06:37.215657 INFO::Fitting model to feature number 14, Amanita
2024-11-24 16:06:37.218815 INFO::Fitting model to feature number 15, Ampelomyces
2024-11-24 16:06:37.222083 INFO::Fitting model to feature number 16, Amphinema
2024-11-24 16:06:37.225306 INFO::Fitting model to feature number 17, Amphisphaeriaceae_gen_Incertae_sedis
2024-11-24 16:06:37.22834 INFO::Fitting model to feature number 18, Ampulloclitocybe
2024-11-24 16:06:37.232034 INFO::Fitting model to feature number 19, Annulatascales_gen_Incertae_sedis
2024-11-24 16:06:37.235271 INFO::Fitting model to feature number 20, Antarctomyces
2024-11-24 16:06:37.238978 INFO::Fitting model to feature number 21, Aphanocladium
2024-11-24 16:06:37.24214 INFO::Fitting model to feature number 22, Apiosordaria
2024-11-24 16:06:37.246319 INFO::Fitting model to feature number 23, Apiotrichum
2024-11-24 16:06:37.251856 INFO::Fitting model to feature number 24, Apodus
2024-11-24 16:06:37.256349 INFO::Fitting model to feature number 25, Arachnopeziza
2024-11-24 16:06:37.263179 INFO::Fitting model to feature number 26, Arbusculina
2024-11-24 16:06:37.267208 INFO::Fitting model to feature number 27, Archaeorhizomyces
2024-11-24 16:06:37.270407 INFO::Fitting model to feature number 28, Archaeorhizomycetales_gen_Incertae_sedis
2024-11-24 16:06:37.275202 INFO::Fitting model to feature number 29, Archaeorhizomycetes_gen_Incertae_sedis
2024-11-24 16:06:37.279646 INFO::Fitting model to feature number 30, Armillaria
2024-11-24 16:06:37.284106 INFO::Fitting model to feature number 31, Arrhenia
2024-11-24 16:06:37.28742 INFO::Fitting model to feature number 32, Arthrocatena
2024-11-24 16:06:37.290751 INFO::Fitting model to feature number 33, Articulospora
2024-11-24 16:06:37.295992 INFO::Fitting model to feature number 34, Ascochyta
2024-11-24 16:06:37.29912 INFO::Fitting model to feature number 35, Ascocorticium
2024-11-24 16:06:37.302371 INFO::Fitting model to feature number 36, Ascocoryne
2024-11-24 16:06:37.306041 INFO::Fitting model to feature number 37, Ascomycota_gen_Incertae_sedis
2024-11-24 16:06:37.309127 INFO::Fitting model to feature number 38, Aspergillaceae_gen_Incertae_sedis
2024-11-24 16:06:37.312539 INFO::Fitting model to feature number 39, Aspicilia
2024-11-24 16:06:37.315743 INFO::Fitting model to feature number 40, Athelia
2024-11-24 16:06:37.318986 INFO::Fitting model to feature number 41, Atheliaceae_gen_Incertae_sedis
2024-11-24 16:06:37.326314 INFO::Fitting model to feature number 42, Atheliales_gen_Incertae_sedis
2024-11-24 16:06:37.330426 INFO::Fitting model to feature number 43, Aureobasidium
2024-11-24 16:06:37.333514 INFO::Fitting model to feature number 44, Auriculariales_gen_Incertae_sedis
2024-11-24 16:06:37.337001 INFO::Fitting model to feature number 45, Babjevia
2024-11-24 16:06:37.340687 INFO::Fitting model to feature number 46, Babjeviella
2024-11-24 16:06:37.344044 INFO::Fitting model to feature number 47, Bacidina
2024-11-24 16:06:37.347722 INFO::Fitting model to feature number 48, Ballistosporomyces
2024-11-24 16:06:37.352522 INFO::Fitting model to feature number 49, Bannozyma
2024-11-24 16:06:37.355912 INFO::Fitting model to feature number 50, Basidiobolus
2024-11-24 16:06:37.358877 INFO::Fitting model to feature number 51, Basidiodendron
2024-11-24 16:06:37.362036 INFO::Fitting model to feature number 52, Basidiomycota_gen_Incertae_sedis
2024-11-24 16:06:37.366517 INFO::Fitting model to feature number 53, Beauveria
2024-11-24 16:06:37.37089 INFO::Fitting model to feature number 54, Blastocladiomycota_gen_Incertae_sedis
2024-11-24 16:06:37.375867 INFO::Fitting model to feature number 55, Boliniales_gen_Incertae_sedis
2024-11-24 16:06:37.379794 INFO::Fitting model to feature number 56, Botryobasidium
2024-11-24 16:06:37.384491 INFO::Fitting model to feature number 57, Botrytis
2024-11-24 16:06:37.388463 INFO::Fitting model to feature number 58, Brahmaculus
2024-11-24 16:06:37.392562 INFO::Fitting model to feature number 59, Branch01_gen_Incertae_sedis
2024-11-24 16:06:37.395695 INFO::Fitting model to feature number 60, Bryochiton
2024-11-24 16:06:37.399652 INFO::Fitting model to feature number 61, Buckleyzyma
2024-11-24 16:06:37.40734 INFO::Fitting model to feature number 62, Burgoa
2024-11-24 16:06:37.411228 INFO::Fitting model to feature number 63, Byssoporia
2024-11-24 16:06:37.415091 INFO::Fitting model to feature number 64, Cadophora
2024-11-24 16:06:37.420251 INFO::Fitting model to feature number 65, Calcarisporium
2024-11-24 16:06:37.424533 INFO::Fitting model to feature number 66, Calloria
2024-11-24 16:06:37.429515 INFO::Fitting model to feature number 67, Calophoma
2024-11-24 16:06:37.433164 INFO::Fitting model to feature number 68, Calycellina
2024-11-24 16:06:37.436787 INFO::Fitting model to feature number 69, Calycina
2024-11-24 16:06:37.442202 INFO::Fitting model to feature number 70, Calyptella
2024-11-24 16:06:37.44648 INFO::Fitting model to feature number 71, Camptobasidiaceae_gen_Incertae_sedis
2024-11-24 16:06:37.453272 INFO::Fitting model to feature number 72, Camptobasidium
2024-11-24 16:06:37.463963 INFO::Fitting model to feature number 73, Candida
2024-11-24 16:06:37.468379 INFO::Fitting model to feature number 74, Cantharellales_gen_Incertae_sedis
2024-11-24 16:06:37.47318 INFO::Fitting model to feature number 75, Cantharellula
2024-11-24 16:06:37.477868 INFO::Fitting model to feature number 76, Capnodiales_gen_Incertae_sedis
2024-11-24 16:06:37.481498 INFO::Fitting model to feature number 77, Capronia
2024-11-24 16:06:37.485471 INFO::Fitting model to feature number 78, Cenangiaceae_gen_Incertae_sedis
2024-11-24 16:06:37.490246 INFO::Fitting model to feature number 79, Cenangium
2024-11-24 16:06:37.493758 INFO::Fitting model to feature number 80, Cenococcum
2024-11-24 16:06:37.497325 INFO::Fitting model to feature number 81, Cephalosporium
2024-11-24 16:06:37.502582 INFO::Fitting model to feature number 82, Cephalothecaceae_gen_Incertae_sedis
2024-11-24 16:06:37.50687 INFO::Fitting model to feature number 83, Cephalotrichum
2024-11-24 16:06:37.512301 INFO::Fitting model to feature number 84, Ceraceomyces
2024-11-24 16:06:37.518133 INFO::Fitting model to feature number 85, Ceratobasidiaceae_gen_Incertae_sedis
2024-11-24 16:06:37.521469 INFO::Fitting model to feature number 86, Ceratobasidium
2024-11-24 16:06:37.52542 INFO::Fitting model to feature number 87, Chaetospermum
2024-11-24 16:06:37.529887 INFO::Fitting model to feature number 88, Chaetosphaeria
2024-11-24 16:06:37.533927 INFO::Fitting model to feature number 89, Chaetothyriales_gen_Incertae_sedis
2024-11-24 16:06:37.537464 INFO::Fitting model to feature number 90, Chalara
2024-11-24 16:06:37.543119 INFO::Fitting model to feature number 91, Chionosphaeraceae_gen_Incertae_sedis
2024-11-24 16:06:37.54618 INFO::Fitting model to feature number 92, Chloridium
2024-11-24 16:06:37.549713 INFO::Fitting model to feature number 93, Chroogomphus
2024-11-24 16:06:37.552754 INFO::Fitting model to feature number 94, Chytridiales_gen_Incertae_sedis
2024-11-24 16:06:37.557153 INFO::Fitting model to feature number 95, Chytridiomycota_gen_Incertae_sedis
2024-11-24 16:06:37.560833 INFO::Fitting model to feature number 96, Cistella
2024-11-24 16:06:37.566071 INFO::Fitting model to feature number 97, Cladonia
2024-11-24 16:06:37.570784 INFO::Fitting model to feature number 98, Cladophialophora
2024-11-24 16:06:37.578353 INFO::Fitting model to feature number 99, Cladoriellaceae_gen_Incertae_sedis
2024-11-24 16:06:37.5826 INFO::Fitting model to feature number 100, Cladosporiaceae_gen_Incertae_sedis
2024-11-24 16:06:37.586515 INFO::Fitting model to feature number 101, Cladosporium
2024-11-24 16:06:37.592816 INFO::Fitting model to feature number 102, Claroideoglomus
2024-11-24 16:06:37.598351 INFO::Fitting model to feature number 103, Claussenomyces
2024-11-24 16:06:37.602388 INFO::Fitting model to feature number 104, Clavaria
2024-11-24 16:06:37.606703 INFO::Fitting model to feature number 105, Clavariaceae_gen_Incertae_sedis
2024-11-24 16:06:37.609845 INFO::Fitting model to feature number 106, Clavulina
2024-11-24 16:06:37.616006 INFO::Fitting model to feature number 107, Clavulinaceae_gen_Incertae_sedis
2024-11-24 16:06:37.620144 INFO::Fitting model to feature number 108, Clavulinopsis
2024-11-24 16:06:37.625846 INFO::Fitting model to feature number 109, Clitocybe
2024-11-24 16:06:37.631931 INFO::Fitting model to feature number 110, Coccomyces
2024-11-24 16:06:37.635395 INFO::Fitting model to feature number 111, Coemansia
2024-11-24 16:06:37.640464 INFO::Fitting model to feature number 112, Colacogloea
2024-11-24 16:06:37.647465 INFO::Fitting model to feature number 113, Coleophoma
2024-11-24 16:06:37.652185 INFO::Fitting model to feature number 114, Coleroa
2024-11-24 16:06:37.658366 INFO::Fitting model to feature number 115, Colletotrichum
2024-11-24 16:06:37.664585 INFO::Fitting model to feature number 116, Collophorina
2024-11-24 16:06:37.670071 INFO::Fitting model to feature number 117, Colpoma
2024-11-24 16:06:37.675679 INFO::Fitting model to feature number 118, Comoclathris
2024-11-24 16:06:37.683821 INFO::Fitting model to feature number 119, Coniochaeta
2024-11-24 16:06:37.68809 INFO::Fitting model to feature number 120, Coniochaetales_gen_Incertae_sedis
2024-11-24 16:06:37.700049 INFO::Fitting model to feature number 121, Coprinopsis
2024-11-24 16:06:37.706123 INFO::Fitting model to feature number 122, Coprinus
2024-11-24 16:06:37.710476 INFO::Fitting model to feature number 123, Cordieritidaceae_gen_Incertae_sedis
2024-11-24 16:06:37.714913 INFO::Fitting model to feature number 124, Cortinarius
2024-11-24 16:06:37.719025 INFO::Fitting model to feature number 125, Cosmospora
2024-11-24 16:06:37.731824 INFO::Fitting model to feature number 126, Crocicreas
2024-11-24 16:06:37.737592 INFO::Fitting model to feature number 127, Cryptococcus
2024-11-24 16:06:37.742274 INFO::Fitting model to feature number 128, Cryptodiscus
2024-11-24 16:06:37.747655 INFO::Fitting model to feature number 129, Cryptosporiopsis
2024-11-24 16:06:37.751217 INFO::Fitting model to feature number 130, Cutaneotrichosporon
2024-11-24 16:06:37.756353 INFO::Fitting model to feature number 131, Cylindrosympodium
2024-11-24 16:06:37.760569 INFO::Fitting model to feature number 132, Cyphellophora
2024-11-24 16:06:37.765759 INFO::Fitting model to feature number 133, Cyphellophoraceae_gen_Incertae_sedis
2024-11-24 16:06:37.770634 INFO::Fitting model to feature number 134, Cystobasidiales_gen_Incertae_sedis
2024-11-24 16:06:37.774344 INFO::Fitting model to feature number 135, Cystobasidiomycetes_gen_Incertae_sedis
2024-11-24 16:06:37.779094 INFO::Fitting model to feature number 136, Cystobasidium
2024-11-24 16:06:37.783346 INFO::Fitting model to feature number 137, Cystoderma
2024-11-24 16:06:37.789605 INFO::Fitting model to feature number 138, Cystofilobasidiales_gen_Incertae_sedis
2024-11-24 16:06:37.797297 INFO::Fitting model to feature number 139, Cystofilobasidium
2024-11-24 16:06:37.801773 INFO::Fitting model to feature number 140, Cytospora
2024-11-24 16:06:37.805556 INFO::Fitting model to feature number 141, Dactylella
2024-11-24 16:06:37.808879 INFO::Fitting model to feature number 142, Dactylospora
2024-11-24 16:06:37.813537 INFO::Fitting model to feature number 143, Davidhawksworthia
2024-11-24 16:06:37.817741 INFO::Fitting model to feature number 144, Dermateaceae_gen_Incertae_sedis
2024-11-24 16:06:37.823333 INFO::Fitting model to feature number 145, Dermea
2024-11-24 16:06:37.831005 INFO::Fitting model to feature number 146, Devriesia
2024-11-24 16:06:37.834522 INFO::Fitting model to feature number 147, Diademospora
2024-11-24 16:06:37.838563 INFO::Fitting model to feature number 148, Diaporthe
2024-11-24 16:06:37.84242 INFO::Fitting model to feature number 149, Diatrype
2024-11-24 16:06:37.845835 INFO::Fitting model to feature number 150, Dictyolus
2024-11-24 16:06:37.851286 INFO::Fitting model to feature number 151, Dictyosporiaceae_gen_Incertae_sedis
2024-11-24 16:06:37.860995 INFO::Fitting model to feature number 152, Diddensiella
2024-11-24 16:06:37.86622 INFO::Fitting model to feature number 153, Didymella
2024-11-24 16:06:37.871743 INFO::Fitting model to feature number 154, Dioszegia
2024-11-24 16:06:37.877795 INFO::Fitting model to feature number 155, Discosia
2024-11-24 16:06:37.881396 INFO::Fitting model to feature number 156, Dissoderma
2024-11-24 16:06:37.885756 INFO::Fitting model to feature number 157, Dissophora
2024-11-24 16:06:37.889789 INFO::Fitting model to feature number 158, Dominikia
2024-11-24 16:06:37.89641 INFO::Fitting model to feature number 159, Dothideales_gen_Incertae_sedis
2024-11-24 16:06:37.900514 INFO::Fitting model to feature number 160, Dothiora
2024-11-24 16:06:37.905217 INFO::Fitting model to feature number 161, Dothiorella
2024-11-24 16:06:37.908895 INFO::Fitting model to feature number 162, Drechmeria
2024-11-24 16:06:37.912603 INFO::Fitting model to feature number 163, Elasticomyces
2024-11-24 16:06:37.916413 INFO::Fitting model to feature number 164, Elsinoaceae_gen_Incertae_sedis
2024-11-24 16:06:37.919661 INFO::Fitting model to feature number 165, Endogonales_gen_Incertae_sedis
2024-11-24 16:06:37.923518 INFO::Fitting model to feature number 166, Endogonomycetes_gen_Incertae_sedis
2024-11-24 16:06:37.927374 INFO::Fitting model to feature number 167, Endophragmiella
2024-11-24 16:06:37.930369 INFO::Fitting model to feature number 168, Entimomentora
2024-11-24 16:06:37.936022 INFO::Fitting model to feature number 169, Entocybe
2024-11-24 16:06:37.94044 INFO::Fitting model to feature number 170, Entoloma
2024-11-24 16:06:37.943671 INFO::Fitting model to feature number 171, Entomortierella
2024-11-24 16:06:37.950455 INFO::Fitting model to feature number 172, Entorrhizaceae_gen_Incertae_sedis
2024-11-24 16:06:37.954643 INFO::Fitting model to feature number 173, Eocronartium
2024-11-24 16:06:37.958621 INFO::Fitting model to feature number 174, Epibryon
2024-11-24 16:06:37.96249 INFO::Fitting model to feature number 175, Eurotiales_gen_Incertae_sedis
2024-11-24 16:06:37.96579 INFO::Fitting model to feature number 176, Exidia
2024-11-24 16:06:37.969115 INFO::Fitting model to feature number 177, Exobasidium
2024-11-24 16:06:37.972763 INFO::Fitting model to feature number 178, Exophiala
2024-11-24 16:06:37.976878 INFO::Fitting model to feature number 179, Extremus
2024-11-24 16:06:37.98062 INFO::Fitting model to feature number 180, Fayodia
2024-11-24 16:06:37.985186 INFO::Fitting model to feature number 181, Fellozyma
2024-11-24 16:06:37.988436 INFO::Fitting model to feature number 182, Filobasidiales_gen_Incertae_sedis
2024-11-24 16:06:37.991667 INFO::Fitting model to feature number 183, Filobasidiella
2024-11-24 16:06:37.997142 INFO::Fitting model to feature number 184, Filobasidium
2024-11-24 16:06:38.008404 INFO::Fitting model to feature number 185, Flammula
2024-11-24 16:06:38.013468 INFO::Fitting model to feature number 186, Fomes
2024-11-24 16:06:38.017455 INFO::Fitting model to feature number 187, Fungi_gen_Incertae_sedis
2024-11-24 16:06:38.021537 INFO::Fitting model to feature number 188, Fusariella
2024-11-24 16:06:38.027492 INFO::Fitting model to feature number 189, Fusarium
2024-11-24 16:06:38.034364 INFO::Fitting model to feature number 190, Fusidium
2024-11-24 16:06:38.040415 INFO::Fitting model to feature number 191, Galerina
2024-11-24 16:06:38.044937 INFO::Fitting model to feature number 192, Gamsia
2024-11-24 16:06:38.054612 INFO::Fitting model to feature number 193, Geminibasidium
2024-11-24 16:06:38.060271 INFO::Fitting model to feature number 194, Genolevuria
2024-11-24 16:06:38.065202 INFO::Fitting model to feature number 195, Geoglossales_gen_Incertae_sedis
2024-11-24 16:06:38.069514 INFO::Fitting model to feature number 196, Geomyces
2024-11-24 16:06:38.073255 INFO::Fitting model to feature number 197, Geopora
2024-11-24 16:06:38.076392 INFO::Fitting model to feature number 198, Gloeopycnis
2024-11-24 16:06:38.080263 INFO::Fitting model to feature number 199, Glomeromycota_gen_Incertae_sedis
2024-11-24 16:06:38.084117 INFO::Fitting model to feature number 200, Glutinomyces
2024-11-24 16:06:38.088411 INFO::Fitting model to feature number 201, Goffeauzyma
2024-11-24 16:06:38.092583 INFO::Fitting model to feature number 202, Goidanichiella
2024-11-24 16:06:38.095802 INFO::Fitting model to feature number 203, Gorgomyces
2024-11-24 16:06:38.099605 INFO::Fitting model to feature number 204, Gryganskiella
2024-11-24 16:06:38.104127 INFO::Fitting model to feature number 205, GS01_phy_Incertae_sedis_gen_Incertae_sedis
2024-11-24 16:06:38.108604 INFO::Fitting model to feature number 206, GS02_gen_Incertae_sedis
2024-11-24 16:06:38.111869 INFO::Fitting model to feature number 207, GS03_gen_Incertae_sedis
2024-11-24 16:06:38.115184 INFO::Fitting model to feature number 208, GS04_gen_Incertae_sedis
2024-11-24 16:06:38.11846 INFO::Fitting model to feature number 209, GS05_gen_Incertae_sedis
2024-11-24 16:06:38.122605 INFO::Fitting model to feature number 210, GS08_gen_Incertae_sedis
2024-11-24 16:06:38.126813 INFO::Fitting model to feature number 211, GS10_gen_Incertae_sedis
2024-11-24 16:06:38.13185 INFO::Fitting model to feature number 212, GS11_gen_Incertae_sedis
2024-11-24 16:06:38.135633 INFO::Fitting model to feature number 213, GS12_gen_Incertae_sedis
2024-11-24 16:06:38.139335 INFO::Fitting model to feature number 214, GS14_gen_Incertae_sedis
2024-11-24 16:06:38.143232 INFO::Fitting model to feature number 215, GS15_gen_Incertae_sedis
2024-11-24 16:06:38.147089 INFO::Fitting model to feature number 216, GS18_ord_Incertae_sedis_gen_Incertae_sedis
2024-11-24 16:06:38.151033 INFO::Fitting model to feature number 217, GS21_gen_Incertae_sedis
2024-11-24 16:06:38.155006 INFO::Fitting model to feature number 218, GS22_gen_Incertae_sedis
2024-11-24 16:06:38.163884 INFO::Fitting model to feature number 219, GS26_ord_Incertae_sedis_gen_Incertae_sedis
2024-11-24 16:06:38.167048 INFO::Fitting model to feature number 220, GS27_ord_Incertae_sedis_gen_Incertae_sedis
2024-11-24 16:06:38.170319 INFO::Fitting model to feature number 221, Gymnopilus
2024-11-24 16:06:38.17375 INFO::Fitting model to feature number 222, Gymnopus
2024-11-24 16:06:38.17788 INFO::Fitting model to feature number 223, Gymnostellatospora
2024-11-24 16:06:38.181006 INFO::Fitting model to feature number 224, Gyoerffyella
2024-11-24 16:06:38.184749 INFO::Fitting model to feature number 225, Gyromitra
2024-11-24 16:06:38.188598 INFO::Fitting model to feature number 226, Hamamotoa
2024-11-24 16:06:38.193322 INFO::Fitting model to feature number 227, Hamatocanthoscypha
2024-11-24 16:06:38.196844 INFO::Fitting model to feature number 228, Hannaella
2024-11-24 16:06:38.201322 INFO::Fitting model to feature number 229, Haplographium
2024-11-24 16:06:38.503205 INFO::Fitting model to feature number 230, Haptocillium
2024-11-24 16:06:38.510004 INFO::Fitting model to feature number 231, Hebeloma
2024-11-24 16:06:38.514956 INFO::Fitting model to feature number 232, Helicogoniaceae_gen_Incertae_sedis
2024-11-24 16:06:38.519649 INFO::Fitting model to feature number 233, Helminthosphaeriaceae_gen_Incertae_sedis
2024-11-24 16:06:38.523771 INFO::Fitting model to feature number 234, Helotiaceae_gen_Incertae_sedis
2024-11-24 16:06:38.528921 INFO::Fitting model to feature number 235, Helotiales_gen_Incertae_sedis
2024-11-24 16:06:38.53333 INFO::Fitting model to feature number 236, Helvella
2024-11-24 16:06:38.539602 INFO::Fitting model to feature number 237, Herpotrichia
2024-11-24 16:06:38.543706 INFO::Fitting model to feature number 238, Herpotrichiellaceae_gen_Incertae_sedis
2024-11-24 16:06:38.548243 INFO::Fitting model to feature number 239, Heterocephalacria
2024-11-24 16:06:39.303251 INFO::Fitting model to feature number 240, Heterophoma
2024-11-24 16:06:39.310264 INFO::Fitting model to feature number 241, Hirsutella
2024-11-24 16:06:39.315016 INFO::Fitting model to feature number 242, Hohenbuehelia
2024-11-24 16:06:39.318912 INFO::Fitting model to feature number 243, Hormonema
2024-11-24 16:06:39.323571 INFO::Fitting model to feature number 244, Humicolopsis
2024-11-24 16:06:39.327492 INFO::Fitting model to feature number 245, Hyalodendriella
2024-11-24 16:06:39.332231 INFO::Fitting model to feature number 246, Hyaloraphidium
2024-11-24 16:06:39.337937 INFO::Fitting model to feature number 247, Hyalorbilia
2024-11-24 16:06:39.343011 INFO::Fitting model to feature number 248, Hyaloscypha
2024-11-24 16:06:39.34871 INFO::Fitting model to feature number 249, Hyaloscyphaceae_gen_Incertae_sedis
2024-11-24 16:06:39.35302 INFO::Fitting model to feature number 250, Hygrophorus
2024-11-24 16:06:39.358319 INFO::Fitting model to feature number 251, Hymenochaetales_gen_Incertae_sedis
2024-11-24 16:06:39.362412 INFO::Fitting model to feature number 252, Hymenoscyphus
2024-11-24 16:06:39.368918 INFO::Fitting model to feature number 253, Hyphodiscus
2024-11-24 16:06:39.374813 INFO::Fitting model to feature number 254, Hyphodontia
2024-11-24 16:06:39.380544 INFO::Fitting model to feature number 255, Hyphodontiella
2024-11-24 16:06:39.385574 INFO::Fitting model to feature number 256, Hypholoma
2024-11-24 16:06:39.389974 INFO::Fitting model to feature number 257, Hypochnicium
2024-11-24 16:06:39.396013 INFO::Fitting model to feature number 258, Hypocreales_gen_Incertae_sedis
2024-11-24 16:06:39.404232 INFO::Fitting model to feature number 259, Hypogymnia
2024-11-24 16:06:39.408156 INFO::Fitting model to feature number 260, Hypomyces
2024-11-24 16:06:39.412509 INFO::Fitting model to feature number 261, Incertomyces
2024-11-24 16:06:39.418298 INFO::Fitting model to feature number 262, Infundichalara
2024-11-24 16:06:39.422077 INFO::Fitting model to feature number 263, Inocybe
2024-11-24 16:06:39.42661 INFO::Fitting model to feature number 264, Isthmomyces
2024-11-24 16:06:39.431184 INFO::Fitting model to feature number 265, Kabatiella
2024-11-24 16:06:39.435023 INFO::Fitting model to feature number 266, Karstenia
2024-11-24 16:06:39.439911 INFO::Fitting model to feature number 267, Keithomyces
2024-11-24 16:06:39.443774 INFO::Fitting model to feature number 268, Kickxellomycota_gen_Incertae_sedis
2024-11-24 16:06:39.448287 INFO::Fitting model to feature number 269, Knufia
2024-11-24 16:06:39.452159 INFO::Fitting model to feature number 270, Kockovaella
2024-11-24 16:06:39.457264 INFO::Fitting model to feature number 271, Kodamaea
2024-11-24 16:06:39.461698 INFO::Fitting model to feature number 272, Krasilnikovozyma
2024-11-24 16:06:39.465305 INFO::Fitting model to feature number 273, Kuehneromyces
2024-11-24 16:06:39.469277 INFO::Fitting model to feature number 274, Kurtzmaniella
2024-11-24 16:06:39.473057 INFO::Fitting model to feature number 275, Kurtzmanomyces
2024-11-24 16:06:39.477254 INFO::Fitting model to feature number 276, Laburnicola
2024-11-24 16:06:39.483214 INFO::Fitting model to feature number 277, Laccaria
2024-11-24 16:06:39.486997 INFO::Fitting model to feature number 278, Lachnellula
2024-11-24 16:06:39.490721 INFO::Fitting model to feature number 279, Lachnum
2024-11-24 16:06:39.494574 INFO::Fitting model to feature number 280, Lacrymaria
2024-11-24 16:06:39.498643 INFO::Fitting model to feature number 281, Lactarius
2024-11-24 16:06:39.502541 INFO::Fitting model to feature number 282, Laetinaevia
2024-11-24 16:06:39.507607 INFO::Fitting model to feature number 283, Lapidomyces
2024-11-24 16:06:39.512352 INFO::Fitting model to feature number 284, Lasiobolidium
2024-11-24 16:06:39.517192 INFO::Fitting model to feature number 285, Lasionectria
2024-11-24 16:06:39.521711 INFO::Fitting model to feature number 286, Lecanicillium
2024-11-24 16:06:39.525736 INFO::Fitting model to feature number 287, Lecanoromycetes_gen_Incertae_sedis
2024-11-24 16:06:39.529657 INFO::Fitting model to feature number 288, Leccinum
2024-11-24 16:06:39.534578 INFO::Fitting model to feature number 289, Lectera
2024-11-24 16:06:39.538631 INFO::Fitting model to feature number 290, Lecythophora
2024-11-24 16:06:39.542567 INFO::Fitting model to feature number 291, Lentitheciaceae_gen_Incertae_sedis
2024-11-24 16:06:39.546383 INFO::Fitting model to feature number 292, Leohumicola
2024-11-24 16:06:39.549934 INFO::Fitting model to feature number 293, Leotiaceae_gen_Incertae_sedis
2024-11-24 16:06:39.554917 INFO::Fitting model to feature number 294, Leotiales_gen_Incertae_sedis
2024-11-24 16:06:39.55982 INFO::Fitting model to feature number 295, Leotiomycetes_gen_Incertae_sedis
2024-11-24 16:06:39.565191 INFO::Fitting model to feature number 296, Leprocaulon
2024-11-24 16:06:39.569131 INFO::Fitting model to feature number 297, Leptobacillium
2024-11-24 16:06:39.573803 INFO::Fitting model to feature number 298, Leptodontidiaceae_gen_Incertae_sedis
2024-11-24 16:06:39.578496 INFO::Fitting model to feature number 299, Leptodontidium
2024-11-24 16:06:39.582901 INFO::Fitting model to feature number 300, Leptodophora
2024-11-24 16:06:39.587506 INFO::Fitting model to feature number 301, Leucogyrophana
2024-11-24 16:06:39.591446 INFO::Fitting model to feature number 302, Leuconeurospora
2024-11-24 16:06:39.595984 INFO::Fitting model to feature number 303, Leucosporidiales_gen_Incertae_sedis
2024-11-24 16:06:39.60114 INFO::Fitting model to feature number 304, Leucosporidium
2024-11-24 16:06:39.605067 INFO::Fitting model to feature number 305, Liangia
2024-11-24 16:06:39.609878 INFO::Fitting model to feature number 306, Linnemannia
2024-11-24 16:06:39.614438 INFO::Fitting model to feature number 307, Lipomycetaceae_gen_Incertae_sedis
2024-11-24 16:06:39.618095 INFO::Fitting model to feature number 308, Lobulomyces
2024-11-24 16:06:39.622386 INFO::Fitting model to feature number 309, Lobulomycetales_gen_Incertae_sedis
2024-11-24 16:06:39.627669 INFO::Fitting model to feature number 310, Lophium
2024-11-24 16:06:39.63624 INFO::Fitting model to feature number 311, Lophodermium
2024-11-24 16:06:39.64258 INFO::Fitting model to feature number 312, Luellia
2024-11-24 16:06:39.647782 INFO::Fitting model to feature number 313, Lycoperdon
2024-11-24 16:06:39.653522 INFO::Fitting model to feature number 314, Lyomyces
2024-11-24 16:06:39.658408 INFO::Fitting model to feature number 315, Lyophyllaceae_gen_Incertae_sedis
2024-11-24 16:06:39.662419 INFO::Fitting model to feature number 316, Malassezia
2024-11-24 16:06:39.667732 INFO::Fitting model to feature number 317, Mallocybe
2024-11-24 16:06:39.671866 INFO::Fitting model to feature number 318, Melanommataceae_gen_Incertae_sedis
2024-11-24 16:06:39.676646 INFO::Fitting model to feature number 319, Meliniomyces
2024-11-24 16:06:39.680732 INFO::Fitting model to feature number 320, Meniscomyces
2024-11-24 16:06:39.68449 INFO::Fitting model to feature number 321, Metapochonia
2024-11-24 16:06:39.688823 INFO::Fitting model to feature number 322, Metarhizium
2024-11-24 16:06:39.692452 INFO::Fitting model to feature number 323, Metschnikowia
2024-11-24 16:06:39.696146 INFO::Fitting model to feature number 324, Micarea
2024-11-24 16:06:39.700922 INFO::Fitting model to feature number 325, Microbotryomycetes_gen_Incertae_sedis
2024-11-24 16:06:39.70549 INFO::Fitting model to feature number 326, Microdochium
2024-11-24 16:06:39.709754 INFO::Fitting model to feature number 327, Micropeltidaceae_gen_Incertae_sedis
2024-11-24 16:06:39.713356 INFO::Fitting model to feature number 328, Microsporomycetaceae_gen_Incertae_sedis
2024-11-24 16:06:39.717567 INFO::Fitting model to feature number 329, Mollisia
2024-11-24 16:06:39.722468 INFO::Fitting model to feature number 330, Monacrosporium
2024-11-24 16:06:39.7274 INFO::Fitting model to feature number 331, Monoblepharomycota_gen_Incertae_sedis
2024-11-24 16:06:39.731388 INFO::Fitting model to feature number 332, Mortierella
2024-11-24 16:06:39.737921 INFO::Fitting model to feature number 333, Mortierellales_gen_Incertae_sedis
2024-11-24 16:06:39.742755 INFO::Fitting model to feature number 334, Mortierellomycetes_gen_Incertae_sedis
2024-11-24 16:06:39.746577 INFO::Fitting model to feature number 335, Mrakia
2024-11-24 16:06:39.750879 INFO::Fitting model to feature number 336, Mrakiaceae_gen_Incertae_sedis
2024-11-24 16:06:39.755575 INFO::Fitting model to feature number 337, Mucor
2024-11-24 16:06:39.761178 INFO::Fitting model to feature number 338, Mucorales_gen_Incertae_sedis
2024-11-24 16:06:39.768368 INFO::Fitting model to feature number 339, Mycena
2024-11-24 16:06:39.772955 INFO::Fitting model to feature number 340, Mycenaceae_gen_Incertae_sedis
2024-11-24 16:06:39.776666 INFO::Fitting model to feature number 341, Mycoarthris
2024-11-24 16:06:39.783033 INFO::Fitting model to feature number 342, Mycobilimbia
2024-11-24 16:06:39.790895 INFO::Fitting model to feature number 343, Mycosphaerellales_gen_Incertae_sedis
2024-11-24 16:06:39.797051 INFO::Fitting model to feature number 344, Mycosymbioces
2024-11-24 16:06:39.800723 INFO::Fitting model to feature number 345, Myrmecridium
2024-11-24 16:06:39.804624 INFO::Fitting model to feature number 346, Myrothecium
2024-11-24 16:06:39.808434 INFO::Fitting model to feature number 347, Mystinarius
2024-11-24 16:06:39.814493 INFO::Fitting model to feature number 348, Mytilinidiales_gen_Incertae_sedis
2024-11-24 16:06:39.81888 INFO::Fitting model to feature number 349, Mytilinidion
2024-11-24 16:06:39.822815 INFO::Fitting model to feature number 350, Myxotrichaceae_gen_Incertae_sedis
2024-11-24 16:06:39.826917 INFO::Fitting model to feature number 351, Myxozyma
2024-11-24 16:06:39.830657 INFO::Fitting model to feature number 352, Nadsonia
2024-11-24 16:06:39.834783 INFO::Fitting model to feature number 353, Naganishia
2024-11-24 16:06:39.83839 INFO::Fitting model to feature number 354, Nagrajchalara
2024-11-24 16:06:39.843482 INFO::Fitting model to feature number 355, Nectriaceae_gen_Incertae_sedis
2024-11-24 16:06:39.848722 INFO::Fitting model to feature number 356, Nectriella
2024-11-24 16:06:39.852386 INFO::Fitting model to feature number 357, Nectriopsis
2024-11-24 16:06:39.855948 INFO::Fitting model to feature number 358, Neoacrodontium
2024-11-24 16:06:39.860999 INFO::Fitting model to feature number 359, Neobulgaria
2024-11-24 16:06:39.864625 INFO::Fitting model to feature number 360, Neonectria
2024-11-24 16:06:39.868821 INFO::Fitting model to feature number 361, Neoschizothecium
2024-11-24 16:06:39.874484 INFO::Fitting model to feature number 362, Neosetophoma
2024-11-24 16:06:39.879071 INFO::Fitting model to feature number 363, Neurospora
2024-11-24 16:06:39.88306 INFO::Fitting model to feature number 364, Niessliaceae_gen_Incertae_sedis
2024-11-24 16:06:39.88749 INFO::Fitting model to feature number 365, Nothodactylaria
2024-11-24 16:06:39.891219 INFO::Fitting model to feature number 366, Occultifur
2024-11-24 16:06:39.898304 INFO::Fitting model to feature number 367, Ochroconis
2024-11-24 16:06:39.901995 INFO::Fitting model to feature number 368, Oidiodendron
2024-11-24 16:06:39.906359 INFO::Fitting model to feature number 369, Oliveonia
2024-11-24 16:06:39.912082 INFO::Fitting model to feature number 370, Ophiocordyceps
2024-11-24 16:06:39.917175 INFO::Fitting model to feature number 371, Ophiocordycipitaceae_gen_Incertae_sedis
2024-11-24 16:06:39.928253 INFO::Fitting model to feature number 372, Orbiliaceae_gen_Incertae_sedis
2024-11-24 16:06:39.940511 INFO::Fitting model to feature number 373, Orbiliales_gen_Incertae_sedis
2024-11-24 16:06:39.965057 INFO::Fitting model to feature number 374, Paraleptosphaeria
2024-11-24 16:06:39.977875 INFO::Fitting model to feature number 375, Paramicrosporidium
2024-11-24 16:06:39.986041 INFO::Fitting model to feature number 376, Paraphaeosphaeria
2024-11-24 16:06:40.008819 INFO::Fitting model to feature number 377, Paraphoma
2024-11-24 16:06:40.024467 INFO::Fitting model to feature number 378, Paratritirachium
2024-11-24 16:06:40.034768 INFO::Fitting model to feature number 379, Parmeliopsis
2024-11-24 16:06:40.043769 INFO::Fitting model to feature number 380, Patellariales_gen_Incertae_sedis
2024-11-24 16:06:40.29571 INFO::Fitting model to feature number 381, Paxillus
2024-11-24 16:06:40.307671 INFO::Fitting model to feature number 382, Pectenia
2024-11-24 16:06:40.315907 INFO::Fitting model to feature number 383, Peltigera
2024-11-24 16:06:40.322476 INFO::Fitting model to feature number 384, Penicillium
2024-11-24 16:06:40.334415 INFO::Fitting model to feature number 385, Peniophorella
2024-11-24 16:06:40.340933 INFO::Fitting model to feature number 386, Perennicordyceps
2024-11-24 16:06:40.348009 INFO::Fitting model to feature number 387, Pezicula
2024-11-24 16:06:40.360661 INFO::Fitting model to feature number 388, Pezizellaster
2024-11-24 16:06:40.367235 INFO::Fitting model to feature number 389, Pezizomycotina_gen_Incertae_sedis
2024-11-24 16:06:40.37296 INFO::Fitting model to feature number 390, Pezoloma
2024-11-24 16:06:40.38099 INFO::Fitting model to feature number 391, Phacidiaceae_gen_Incertae_sedis
2024-11-24 16:06:40.387849 INFO::Fitting model to feature number 392, Phacidiales_gen_Incertae_sedis
2024-11-24 16:06:40.396311 INFO::Fitting model to feature number 393, Phacidium
2024-11-24 16:06:40.403399 INFO::Fitting model to feature number 394, Phaeococcomyces
2024-11-24 16:06:40.40993 INFO::Fitting model to feature number 395, Phaeohelotium
2024-11-24 16:06:40.416519 INFO::Fitting model to feature number 396, Phaeosphaeria
2024-11-24 16:06:40.542647 INFO::Fitting model to feature number 397, Phaeotheca
2024-11-24 16:06:40.554905 INFO::Fitting model to feature number 398, Phaeothecaceae_gen_Incertae_sedis
2024-11-24 16:06:40.564575 INFO::Fitting model to feature number 399, Phaeotremella
2024-11-24 16:06:40.573989 INFO::Fitting model to feature number 400, Phaeotrichum
2024-11-24 16:06:40.58602 INFO::Fitting model to feature number 401, Phenoliferia
2024-11-24 16:06:40.595023 INFO::Fitting model to feature number 402, Phialocephala
2024-11-24 16:06:40.603441 INFO::Fitting model to feature number 403, Phialomyces
2024-11-24 16:06:40.612449 INFO::Fitting model to feature number 404, Phlegmacium
2024-11-24 16:06:40.622904 INFO::Fitting model to feature number 405, Pholiota
2024-11-24 16:06:40.632458 INFO::Fitting model to feature number 406, Phomatospora
2024-11-24 16:06:40.641603 INFO::Fitting model to feature number 407, Piloderma
2024-11-24 16:06:40.646435 INFO::Fitting model to feature number 408, Piptocephalidaceae_gen_Incertae_sedis
2024-11-24 16:06:40.653786 INFO::Fitting model to feature number 409, Piptocephalis
2024-11-24 16:06:40.661246 INFO::Fitting model to feature number 410, Piskurozyma
2024-11-24 16:06:40.677096 INFO::Fitting model to feature number 411, Plectosphaerella
2024-11-24 16:06:40.685804 INFO::Fitting model to feature number 412, Plectosphaerellaceae_gen_Incertae_sedis
2024-11-24 16:06:40.692645 INFO::Fitting model to feature number 413, Pleosporales_gen_Incertae_sedis
2024-11-24 16:06:40.699321 INFO::Fitting model to feature number 414, Pleotrichocladium
2024-11-24 16:06:40.70715 INFO::Fitting model to feature number 415, Pochonia
2024-11-24 16:06:40.711391 INFO::Fitting model to feature number 416, Podila
2024-11-24 16:06:40.718615 INFO::Fitting model to feature number 417, Podospora
2024-11-24 16:06:40.726496 INFO::Fitting model to feature number 418, Polydesmia
2024-11-24 16:06:40.742891 INFO::Fitting model to feature number 419, Polyozellus
2024-11-24 16:06:40.74788 INFO::Fitting model to feature number 420, Polyphilus
2024-11-24 16:06:40.754368 INFO::Fitting model to feature number 421, Polyscytalum
2024-11-24 16:06:40.762046 INFO::Fitting model to feature number 422, Powellomycetaceae_gen_Incertae_sedis
2024-11-24 16:06:40.767674 INFO::Fitting model to feature number 423, Preussia
2024-11-24 16:06:40.773465 INFO::Fitting model to feature number 424, Psathyrella
2024-11-24 16:06:40.779085 INFO::Fitting model to feature number 425, Pseudeurotiaceae_gen_Incertae_sedis
2024-11-24 16:06:40.783118 INFO::Fitting model to feature number 426, Pseudeurotium
2024-11-24 16:06:40.800942 INFO::Fitting model to feature number 427, Pseudoanungitea
2024-11-24 16:06:40.808044 INFO::Fitting model to feature number 428, Pseudoarthrographis
2024-11-24 16:06:40.816103 INFO::Fitting model to feature number 429, Pseudocoleophoma
2024-11-24 16:06:40.822699 INFO::Fitting model to feature number 430, Pseudocyclothyriella
2024-11-24 16:06:40.829247 INFO::Fitting model to feature number 431, Pseudodictyosporium
2024-11-24 16:06:40.835183 INFO::Fitting model to feature number 432, Pseudogymnoascus
2024-11-24 16:06:40.84234 INFO::Fitting model to feature number 433, Pseudohelotium
2024-11-24 16:06:40.848226 INFO::Fitting model to feature number 434, Pseudohyphozyma
2024-11-24 16:06:40.852437 INFO::Fitting model to feature number 435, Pseudoplectania
2024-11-24 16:06:40.857556 INFO::Fitting model to feature number 436, Pseudosigmoidea
2024-11-24 16:06:40.862584 INFO::Fitting model to feature number 437, Pseudovalsaria
2024-11-24 16:06:40.867112 INFO::Fitting model to feature number 438, Psilolechiaceae_gen_Incertae_sedis
2024-11-24 16:06:40.872701 INFO::Fitting model to feature number 439, Psoroglaena
2024-11-24 16:06:40.880852 INFO::Fitting model to feature number 440, Psychronectria
2024-11-24 16:06:40.891906 INFO::Fitting model to feature number 441, Pucciniales_gen_Incertae_sedis
2024-11-24 16:06:40.899724 INFO::Fitting model to feature number 442, Pulvinula
2024-11-24 16:06:40.909986 INFO::Fitting model to feature number 443, Pustularia
2024-11-24 16:06:40.915052 INFO::Fitting model to feature number 444, Pycnora
2024-11-24 16:06:40.919645 INFO::Fitting model to feature number 445, Pyrenochaeta
2024-11-24 16:06:40.924723 INFO::Fitting model to feature number 446, Pyrenopeziza
2024-11-24 16:06:41.621765 INFO::Fitting model to feature number 447, Pyronemataceae_gen_Incertae_sedis
2024-11-24 16:06:41.62836 INFO::Fitting model to feature number 448, Pyxidiophorales_gen_Incertae_sedis
2024-11-24 16:06:41.637088 INFO::Fitting model to feature number 449, Rachicladosporium
2024-11-24 16:06:41.647931 INFO::Fitting model to feature number 450, Ramariopsis
2024-11-24 16:06:41.65593 INFO::Fitting model to feature number 451, Ramophialophora
2024-11-24 16:06:41.662121 INFO::Fitting model to feature number 452, Ramularia
2024-11-24 16:06:41.673665 INFO::Fitting model to feature number 453, Renatobasidium
2024-11-24 16:06:41.681927 INFO::Fitting model to feature number 454, Rhexocercosporidium
2024-11-24 16:06:41.689055 INFO::Fitting model to feature number 455, Rhinocladiella
2024-11-24 16:06:41.698293 INFO::Fitting model to feature number 456, Rhizidium
2024-11-24 16:06:41.711 INFO::Fitting model to feature number 457, Rhizoctonia
2024-11-24 16:06:41.731516 INFO::Fitting model to feature number 458, Rhizophagus
2024-11-24 16:06:41.737941 INFO::Fitting model to feature number 459, Rhizophydiales_gen_Incertae_sedis
2024-11-24 16:06:41.744166 INFO::Fitting model to feature number 460, Rhizophydium
2024-11-24 16:06:41.751766 INFO::Fitting model to feature number 461, Rhizopogon
2024-11-24 16:06:41.757688 INFO::Fitting model to feature number 462, Rhizosphaera
2024-11-24 16:06:41.76307 INFO::Fitting model to feature number 463, Rhodosporidiobolus
2024-11-24 16:06:41.766826 INFO::Fitting model to feature number 464, Rhodotorula
2024-11-24 16:06:41.77208 INFO::Fitting model to feature number 465, Ripartites
2024-11-24 16:06:41.780627 INFO::Fitting model to feature number 466, Roesleria
2024-11-24 16:06:41.786681 INFO::Fitting model to feature number 467, Roridomyces
2024-11-24 16:06:41.792964 INFO::Fitting model to feature number 468, Roseodiscus
2024-11-24 16:06:41.798817 INFO::Fitting model to feature number 469, Rozellomycota_gen_Incertae_sedis
2024-11-24 16:06:41.805425 INFO::Fitting model to feature number 470, Russula
2024-11-24 16:06:41.810435 INFO::Fitting model to feature number 471, Rutstroemia
2024-11-24 16:06:41.817426 INFO::Fitting model to feature number 472, Saccharomycetales_gen_Incertae_sedis
2024-11-24 16:06:41.822756 INFO::Fitting model to feature number 473, Sagenomella
2024-11-24 16:06:41.829343 INFO::Fitting model to feature number 474, Saitozyma
2024-11-24 16:06:41.837089 INFO::Fitting model to feature number 475, Sakaguchia
2024-11-24 16:06:41.844371 INFO::Fitting model to feature number 476, Samsoniella
2024-11-24 16:06:41.85132 INFO::Fitting model to feature number 477, Sanchytriaceae_gen_Incertae_sedis
2024-11-24 16:06:41.855505 INFO::Fitting model to feature number 478, Sanchytrium
2024-11-24 16:06:41.863496 INFO::Fitting model to feature number 479, Sarcopodium
2024-11-24 16:06:41.871868 INFO::Fitting model to feature number 480, Sarea
2024-11-24 16:06:41.879961 INFO::Fitting model to feature number 481, Schizothecium
2024-11-24 16:06:41.886397 INFO::Fitting model to feature number 482, Sclerococcum
2024-11-24 16:06:42.048372 INFO::Fitting model to feature number 483, Scleroconidioma
2024-11-24 16:06:42.054012 INFO::Fitting model to feature number 484, Scleropezicula
2024-11-24 16:06:42.058774 INFO::Fitting model to feature number 485, Sclerostagonospora
2024-11-24 16:06:42.062808 INFO::Fitting model to feature number 486, Scolecolachnum
2024-11-24 16:06:42.068221 INFO::Fitting model to feature number 487, Scoliciosporum
2024-11-24 16:06:42.072367 INFO::Fitting model to feature number 488, Scopuloides
2024-11-24 16:06:42.076309 INFO::Fitting model to feature number 489, Scutellinia
2024-11-24 16:06:42.080073 INFO::Fitting model to feature number 490, Scytalidium
2024-11-24 16:06:42.084438 INFO::Fitting model to feature number 491, Sebacinales_gen_Incertae_sedis
2024-11-24 16:06:42.089369 INFO::Fitting model to feature number 492, Sepedonium
2024-11-24 16:06:42.221357 INFO::Fitting model to feature number 493, Septoglomus
2024-11-24 16:06:42.22757 INFO::Fitting model to feature number 494, Septoria
2024-11-24 16:06:42.231676 INFO::Fitting model to feature number 495, Serendipita
2024-11-24 16:06:42.235518 INFO::Fitting model to feature number 496, Serendipitaceae_gen_Incertae_sedis
2024-11-24 16:06:42.240665 INFO::Fitting model to feature number 497, Serpula
2024-11-24 16:06:42.244638 INFO::Fitting model to feature number 498, Siepmannia
2024-11-24 16:06:42.249117 INFO::Fitting model to feature number 499, Sistotrema
2024-11-24 16:06:42.252919 INFO::Fitting model to feature number 500, Sistotremastrum
2024-11-24 16:06:42.257512 INFO::Fitting model to feature number 501, Skvortzovia
2024-11-24 16:06:42.261315 INFO::Fitting model to feature number 502, Slooffia
2024-11-24 16:06:42.265519 INFO::Fitting model to feature number 503, Solicoccozyma
2024-11-24 16:06:42.269922 INFO::Fitting model to feature number 504, Sordariales_gen_Incertae_sedis
2024-11-24 16:06:42.276154 INFO::Fitting model to feature number 505, Sorocybe
2024-11-24 16:06:42.280129 INFO::Fitting model to feature number 506, Spermospora
2024-11-24 16:06:42.283796 INFO::Fitting model to feature number 507, Sphaerulina
2024-11-24 16:06:42.287984 INFO::Fitting model to feature number 508, Spiculogloeomycetes_gen_Incertae_sedis
2024-11-24 16:06:42.291932 INFO::Fitting model to feature number 509, Spiromyces
2024-11-24 16:06:42.296418 INFO::Fitting model to feature number 510, Spirosphaera
2024-11-24 16:06:42.301068 INFO::Fitting model to feature number 511, Spizellomycetales_gen_Incertae_sedis
2024-11-24 16:06:42.304821 INFO::Fitting model to feature number 512, Sporidiobolaceae_gen_Incertae_sedis
2024-11-24 16:06:42.308582 INFO::Fitting model to feature number 513, Sporidiobolales_gen_Incertae_sedis
2024-11-24 16:06:42.312258 INFO::Fitting model to feature number 514, Sporormiaceae_gen_Incertae_sedis
2024-11-24 16:06:42.316051 INFO::Fitting model to feature number 515, Sporormiella
2024-11-24 16:06:43.080074 INFO::Fitting model to feature number 516, Sporothrix
2024-11-24 16:06:43.088179 INFO::Fitting model to feature number 517, Stereocaulon
2024-11-24 16:06:43.093971 INFO::Fitting model to feature number 518, Stilbella
2024-11-24 16:06:43.100993 INFO::Fitting model to feature number 519, Stropharia
2024-11-24 16:06:43.108176 INFO::Fitting model to feature number 520, Subulicystidium
2024-11-24 16:06:43.113604 INFO::Fitting model to feature number 521, Sugiyamaella
2024-11-24 16:06:43.121083 INFO::Fitting model to feature number 522, Suillus
2024-11-24 16:06:43.130675 INFO::Fitting model to feature number 523, Sympodiella
2024-11-24 16:06:43.138516 INFO::Fitting model to feature number 524, Sympoventuriaceae_gen_Incertae_sedis
2024-11-24 16:06:43.146489 INFO::Fitting model to feature number 525, Syncephalis
2024-11-24 16:06:43.151608 INFO::Fitting model to feature number 526, Synnemapestaloides
2024-11-24 16:06:43.159915 INFO::Fitting model to feature number 527, Syzygospora
2024-11-24 16:06:43.165209 INFO::Fitting model to feature number 528, Taeniolella
2024-11-24 16:06:43.175431 INFO::Fitting model to feature number 529, Taeniospora
2024-11-24 16:06:43.366963 INFO::Fitting model to feature number 530, Talaromyces
2024-11-24 16:06:43.373822 INFO::Fitting model to feature number 531, Taphrina
2024-11-24 16:06:43.38037 INFO::Fitting model to feature number 532, Tausonia
2024-11-24 16:06:43.386625 INFO::Fitting model to feature number 533, Teratosphaeria
2024-11-24 16:06:43.398104 INFO::Fitting model to feature number 534, Teratosphaeriaceae_gen_Incertae_sedis
2024-11-24 16:06:43.406143 INFO::Fitting model to feature number 535, Tetracladium
2024-11-24 16:06:43.412567 INFO::Fitting model to feature number 536, Teunomyces
2024-11-24 16:06:43.418359 INFO::Fitting model to feature number 537, Thaxterogaster
2024-11-24 16:06:43.424246 INFO::Fitting model to feature number 538, Thelebolales_gen_Incertae_sedis
2024-11-24 16:06:43.429477 INFO::Fitting model to feature number 539, Thelebolus
2024-11-24 16:06:43.438127 INFO::Fitting model to feature number 540, Thelephora
2024-11-24 16:06:43.44965 INFO::Fitting model to feature number 541, Tolypocladium
2024-11-24 16:06:43.458675 INFO::Fitting model to feature number 542, Tomentella
2024-11-24 16:06:43.46508 INFO::Fitting model to feature number 543, Tomentellopsis
2024-11-24 16:06:43.471038 INFO::Fitting model to feature number 544, Trechispora
2024-11-24 16:06:43.480276 INFO::Fitting model to feature number 545, Trechisporales_gen_Incertae_sedis
2024-11-24 16:06:43.486057 INFO::Fitting model to feature number 546, Tremella
2024-11-24 16:06:43.494214 INFO::Fitting model to feature number 547, Tremellales_gen_Incertae_sedis
2024-11-24 16:06:43.500884 INFO::Fitting model to feature number 548, Tremellodendropsidales_gen_Incertae_sedis
2024-11-24 16:06:43.506545 INFO::Fitting model to feature number 549, Tremellomycetes_gen_Incertae_sedis
2024-11-24 16:06:43.512584 INFO::Fitting model to feature number 550, Trichobolus
2024-11-24 16:06:43.540581 INFO::Fitting model to feature number 551, Trichoderma
2024-11-24 16:06:43.545952 INFO::Fitting model to feature number 552, Tricholoma
2024-11-24 16:06:43.55397 INFO::Fitting model to feature number 553, Trichopeziza
2024-11-24 16:06:43.560178 INFO::Fitting model to feature number 554, Trichosporiella
2024-11-24 16:06:43.570635 INFO::Fitting model to feature number 555, Trimmatostroma
2024-11-24 16:06:43.576002 INFO::Fitting model to feature number 556, Triscelophorus
2024-11-24 16:06:43.584906 INFO::Fitting model to feature number 557, Truncatella
2024-11-24 16:06:43.591233 INFO::Fitting model to feature number 558, Tulasnella
2024-11-24 16:06:43.60162 INFO::Fitting model to feature number 559, Tulasnellaceae_gen_Incertae_sedis
2024-11-24 16:06:43.608088 INFO::Fitting model to feature number 560, Tylospora
2024-11-24 16:06:43.615442 INFO::Fitting model to feature number 561, Tympanidaceae_gen_Incertae_sedis
2024-11-24 16:06:43.624539 INFO::Fitting model to feature number 562, Tyrannosorus
2024-11-24 16:06:43.631723 INFO::Fitting model to feature number 563, Umbelopsidomycetes_gen_Incertae_sedis
2024-11-24 16:06:43.639728 INFO::Fitting model to feature number 564, Umbelopsis
2024-11-24 16:06:43.64706 INFO::Fitting model to feature number 565, Umbilicariales_gen_Incertae_sedis
2024-11-24 16:06:43.656951 INFO::Fitting model to feature number 566, Vacuiphoma
2024-11-24 16:06:43.665556 INFO::Fitting model to feature number 567, Venturia
2024-11-24 16:06:44.427796 INFO::Fitting model to feature number 568, Venturiaceae_gen_Incertae_sedis
2024-11-24 16:06:44.433487 INFO::Fitting model to feature number 569, Venturiocistella
2024-11-24 16:06:44.438916 INFO::Fitting model to feature number 570, Verrucaria
2024-11-24 16:06:44.4454 INFO::Fitting model to feature number 571, Verrucariaceae_gen_Incertae_sedis
2024-11-24 16:06:44.45074 INFO::Fitting model to feature number 572, Verrucoccum
2024-11-24 16:06:44.455735 INFO::Fitting model to feature number 573, Vestigium
2024-11-24 16:06:44.461203 INFO::Fitting model to feature number 574, Vishniacozyma
2024-11-24 16:06:44.467221 INFO::Fitting model to feature number 575, Volutella
2024-11-24 16:06:44.472651 INFO::Fitting model to feature number 576, Wilcoxina
2024-11-24 16:06:44.479466 INFO::Fitting model to feature number 577, Xenasmatella
2024-11-24 16:06:44.484994 INFO::Fitting model to feature number 578, Xenochalara
2024-11-24 16:06:44.490293 INFO::Fitting model to feature number 579, Xenodidymella
2024-11-24 16:06:44.495756 INFO::Fitting model to feature number 580, Xenopolyscytalum
2024-11-24 16:06:44.50169 INFO::Fitting model to feature number 581, Yamadamyces
2024-11-24 16:06:44.507465 INFO::Fitting model to feature number 582, Yurkovia
2024-11-24 16:06:44.513965 INFO::Fitting model to feature number 583, Zoopagales_gen_Incertae_sedis
2024-11-24 16:06:44.520327 INFO::Fitting model to feature number 584, Zoopagomycota_gen_Incertae_sedis
2024-11-24 16:06:44.526199 INFO::Fitting model to feature number 585, Zygorhynchus
2024-11-24 16:06:44.703335 INFO::Counting total values for each feature
2024-11-24 16:06:44.739212 INFO::Writing filtered data to file ITSF/features/filtered_data.tsv
2024-11-24 16:06:44.759792 INFO::Writing filtered, normalized data to file ITSF/features/filtered_data_norm.tsv
2024-11-24 16:06:44.778389 INFO::Writing filtered, normalized, transformed data to file ITSF/features/filtered_data_norm_transformed.tsv
2024-11-24 16:06:44.800841 INFO::Writing residuals to file ITSF/fits/residuals.rds
2024-11-24 16:06:44.809974 INFO::Writing fitted values to file ITSF/fits/fitted.rds
2024-11-24 16:06:44.813412 INFO::Writing all results to file (ordered by increasing q-values): ITSF/all_results.tsv
2024-11-24 16:06:44.825603 INFO::Writing the significant results (those which are less than or equal to the threshold of 0.250000 ) to file (ordered by increasing q-values): ITSF/significant_results.tsv
2024-11-24 16:06:44.830626 INFO::Writing heatmap of significant results to file: ITSF/heatmap.pdf
2024-11-24 16:06:44.839659 INFO::Writing association plots (one for each significant association) to output folder: ITSF
2024-11-24 16:06:44.854275 INFO::Plotting associations from most to least significant, grouped by metadata
2024-11-24 16:06:44.857627 INFO::Plotting data for metadata number 1, pH
2024-11-24 16:06:44.86314 INFO::Creating boxplot for categorical data, pH vs Botryobasidium
2024-11-24 16:06:47.895069 INFO::Creating boxplot for categorical data, pH vs Entomortierella
2024-11-24 16:06:48.219561 INFO::Creating boxplot for categorical data, pH vs Mortierella
2024-11-24 16:06:50.014697 INFO::Creating boxplot for categorical data, pH vs Meliniomyces
2024-11-24 16:06:50.196733 INFO::Creating boxplot for categorical data, pH vs Pezizellaster
2024-11-24 16:06:50.378061 INFO::Creating boxplot for categorical data, pH vs Acarosporales_gen_Incertae_sedis
2024-11-24 16:06:50.646363 INFO::Creating boxplot for categorical data, pH vs Archaeorhizomyces
2024-11-24 16:06:50.813264 INFO::Creating boxplot for categorical data, pH vs Exophiala
2024-11-24 16:06:50.984017 INFO::Creating boxplot for categorical data, pH vs Knufia
2024-11-24 16:06:51.274625 INFO::Creating boxplot for categorical data, pH vs Podila
2024-11-24 16:06:53.106978 INFO::Creating boxplot for categorical data, pH vs Syncephalis
2024-11-24 16:06:53.29279 INFO::Creating boxplot for categorical data, pH vs GS21_gen_Incertae_sedis
2024-11-24 16:06:53.466163 INFO::Creating boxplot for categorical data, pH vs Lachnellula
2024-11-24 16:06:53.632685 INFO::Creating boxplot for categorical data, pH vs Lecanicillium
2024-11-24 16:06:53.884197 INFO::Creating boxplot for categorical data, pH vs Lobulomycetales_gen_Incertae_sedis
2024-11-24 16:06:54.042742 INFO::Creating boxplot for categorical data, pH vs Chaetothyriales_gen_Incertae_sedis
2024-11-24 16:06:54.22858 INFO::Creating boxplot for categorical data, pH vs Cortinarius
2024-11-24 16:06:55.29638 INFO::Creating boxplot for categorical data, pH vs Piloderma
2024-11-24 16:06:55.465028 INFO::Creating boxplot for categorical data, pH vs Leotiomycetes_gen_Incertae_sedis
2024-11-24 16:06:55.633033 INFO::Creating boxplot for categorical data, pH vs Talaromyces
2024-11-24 16:06:55.802945 INFO::Creating boxplot for categorical data, pH vs Hyphodiscus
2024-11-24 16:06:55.974115 INFO::Creating boxplot for categorical data, pH vs Rhizidium
2024-11-24 16:06:57.067888 INFO::Creating boxplot for categorical data, pH vs Umbelopsis
2024-11-24 16:06:57.28791 INFO::Creating boxplot for categorical data, pH vs Sugiyamaella
2024-11-24 16:06:57.514474 INFO::Creating boxplot for categorical data, pH vs Pochonia
2024-11-24 16:06:57.680766 INFO::Creating boxplot for categorical data, pH vs Leptobacillium
2024-11-24 16:06:57.844837 INFO::Creating boxplot for categorical data, pH vs Leucosporidium
2024-11-24 16:06:58.013806 INFO::Creating boxplot for categorical data, pH vs Humicolopsis
2024-11-24 16:06:59.040969 INFO::Creating boxplot for categorical data, pH vs Pezoloma
2024-11-24 16:07:00.085931 INFO::Creating boxplot for categorical data, pH vs Phialocephala
2024-11-24 16:07:01.276735 INFO::Creating boxplot for categorical data, pH vs Paraphoma
2024-11-24 16:07:01.506117 INFO::Creating boxplot for categorical data, pH vs Pleotrichocladium
2024-11-24 16:07:01.695789 INFO::Creating boxplot for categorical data, pH vs Cenococcum
2024-11-24 16:07:01.912408 INFO::Creating boxplot for categorical data, pH vs Allantophomopsiella
2024-11-24 16:07:02.142472 INFO::Creating boxplot for categorical data, pH vs Blastocladiomycota_gen_Incertae_sedis
2024-11-24 16:07:03.244803 INFO::Creating boxplot for categorical data, pH vs GS15_gen_Incertae_sedis
2024-11-24 16:07:03.43063 INFO::Creating boxplot for categorical data, pH vs Sorocybe
2024-11-24 16:07:03.610126 INFO::Creating boxplot for categorical data, pH vs GS04_gen_Incertae_sedis
2024-11-24 16:07:03.789409 INFO::Creating boxplot for categorical data, pH vs Sclerococcum
2024-11-24 16:07:03.985026 INFO::Creating boxplot for categorical data, pH vs Serendipitaceae_gen_Incertae_sedis
2024-11-24 16:07:05.015095 INFO::Creating boxplot for categorical data, pH vs Tyrannosorus
2024-11-24 16:07:06.040603 INFO::Creating boxplot for categorical data, pH vs Leccinum
2024-11-24 16:07:07.073319 INFO::Creating boxplot for categorical data, pH vs Pseudocoleophoma
2024-11-24 16:07:08.106168 INFO::Creating boxplot for categorical data, pH vs Mycena
2024-11-24 16:07:09.146589 INFO::Creating boxplot for categorical data, pH vs Cosmospora
2024-11-24 16:07:10.176509 INFO::Creating boxplot for categorical data, pH vs Crocicreas
2024-11-24 16:07:11.200203 INFO::Creating boxplot for categorical data, pH vs Triscelophorus
2024-11-24 16:07:14.067781 INFO::Creating boxplot for categorical data, pH vs Spiculogloeomycetes_gen_Incertae_sedis
2024-11-24 16:07:14.265341 INFO::Creating boxplot for categorical data, pH vs Dermateaceae_gen_Incertae_sedis
2024-11-24 16:07:14.448339 INFO::Creating boxplot for categorical data, pH vs Galerina
2024-11-24 16:07:14.625454 INFO::Creating boxplot for categorical data, pH vs Cephalothecaceae_gen_Incertae_sedis
2024-11-24 16:07:14.811043 INFO::Creating boxplot for categorical data, pH vs Truncatella
2024-11-24 16:07:14.987841 INFO::Creating boxplot for categorical data, pH vs Penicillium
2024-11-24 16:07:15.301242 INFO::Creating boxplot for categorical data, pH vs Leohumicola
2024-11-24 16:07:17.105658 INFO::Creating boxplot for categorical data, pH vs Scleropezicula
2024-11-24 16:07:17.388563 INFO::Creating boxplot for categorical data, pH vs Verrucoccum
2024-11-24 16:07:17.583831 INFO::Creating boxplot for categorical data, pH vs Sclerostagonospora
2024-11-24 16:07:17.770918 INFO::Creating boxplot for categorical data, pH vs Chytridiales_gen_Incertae_sedis
2024-11-24 16:07:17.945173 INFO::Creating boxplot for categorical data, pH vs Pseudohyphozyma
2024-11-24 16:07:18.117471 INFO::Creating boxplot for categorical data, pH vs Hymenochaetales_gen_Incertae_sedis
2024-11-24 16:07:19.15557 INFO::Creating boxplot for categorical data, pH vs Cenangiaceae_gen_Incertae_sedis
2024-11-24 16:07:20.268704 INFO::Creating boxplot for categorical data, pH vs Apiotrichum
2024-11-24 16:07:20.440837 INFO::Creating boxplot for categorical data, pH vs Cladoriellaceae_gen_Incertae_sedis
2024-11-24 16:07:20.671883 INFO::Creating boxplot for categorical data, pH vs Leptodophora
2024-11-24 16:07:20.846866 INFO::Creating boxplot for categorical data, pH vs Babjeviella
2024-11-24 16:07:21.023032 INFO::Creating boxplot for categorical data, pH vs Glomeromycota_gen_Incertae_sedis
2024-11-24 16:07:22.062123 INFO::Creating boxplot for categorical data, pH vs Kodamaea
2024-11-24 16:07:23.099672 INFO::Creating boxplot for categorical data, pH vs Nagrajchalara
2024-11-24 16:07:24.145478 INFO::Creating boxplot for categorical data, pH vs Neonectria
2024-11-24 16:07:25.186689 INFO::Creating boxplot for categorical data, pH vs Nothodactylaria
2024-11-24 16:07:26.210401 INFO::Creating boxplot for categorical data, pH vs Polyphilus
2024-11-24 16:07:27.240886 INFO::Creating boxplot for categorical data, pH vs Fusarium
2024-11-24 16:07:27.516034 INFO::Creating boxplot for categorical data, pH vs Dothiora
2024-11-24 16:07:27.684149 INFO::Creating boxplot for categorical data, pH vs GS22_gen_Incertae_sedis
2024-11-24 16:07:27.853242 INFO::Creating boxplot for categorical data, pH vs Trechispora
2024-11-24 16:07:28.031108 INFO::Creating boxplot for categorical data, pH vs Claussenomyces
2024-11-24 16:07:29.039499 INFO::Creating boxplot for categorical data, pH vs Cadophora
2024-11-24 16:07:30.068286 INFO::Creating boxplot for categorical data, pH vs Cladophialophora
2024-11-24 16:07:31.133389 INFO::Creating boxplot for categorical data, pH vs Sporormiella
2024-11-24 16:07:32.151065 INFO::Creating boxplot for categorical data, pH vs Fayodia
2024-11-24 16:07:33.276817 INFO::Creating boxplot for categorical data, pH vs Flammula
2024-11-24 16:07:33.454832 INFO::Creating boxplot for categorical data, pH vs Pulvinula
2024-11-24 16:07:33.629194 INFO::Creating boxplot for categorical data, pH vs Cystoderma
2024-11-24 16:07:33.790581 INFO::Creating boxplot for categorical data, pH vs Helvella
2024-11-24 16:07:33.95525 INFO::Creating boxplot for categorical data, pH vs Schizothecium
2024-11-24 16:07:34.116794 INFO::Creating boxplot for categorical data, pH vs Gymnopilus
2024-11-24 16:07:34.2791 INFO::Creating boxplot for categorical data, pH vs Aspicilia
2024-11-24 16:07:35.282955 INFO::Creating boxplot for categorical data, pH vs Branch01_gen_Incertae_sedis
2024-11-24 16:07:35.521762 INFO::Creating boxplot for categorical data, pH vs Diademospora
2024-11-24 16:07:35.690809 INFO::Creating boxplot for categorical data, pH vs Plectosphaerella
2024-11-24 16:07:35.868411 INFO::Creating boxplot for categorical data, pH vs Microsporomycetaceae_gen_Incertae_sedis
2024-11-24 16:07:36.041004 INFO::Creating boxplot for categorical data, pH vs Kurtzmanomyces
2024-11-24 16:07:37.081032 INFO::Creating boxplot for categorical data, pH vs Luellia
2024-11-24 16:07:38.121889 INFO::Creating boxplot for categorical data, pH vs Syzygospora
2024-11-24 16:07:38.30327 INFO::Creating boxplot for categorical data, pH vs Tetracladium
2024-11-24 16:07:38.472201 INFO::Creating boxplot for categorical data, pH vs Krasilnikovozyma
2024-11-24 16:07:38.703464 INFO::Creating boxplot for categorical data, pH vs Pseudogymnoascus
2024-11-24 16:07:39.054787 INFO::Creating boxplot for categorical data, pH vs Rhizosphaera
2024-11-24 16:07:40.274617 INFO::Creating boxplot for categorical data, pH vs Tremella
2024-11-24 16:07:40.462986 INFO::Creating boxplot for categorical data, pH vs Phaeotremella
2024-11-24 16:07:40.664335 INFO::Creating boxplot for categorical data, pH vs Phomatospora
2024-11-24 16:07:40.84213 INFO::Creating boxplot for categorical data, pH vs Rhizopogon
2024-11-24 16:07:41.000558 INFO::Creating boxplot for categorical data, pH vs Pezizomycotina_gen_Incertae_sedis
2024-11-24 16:07:41.169177 INFO::Creating boxplot for categorical data, pH vs Dothiorella
2024-11-24 16:07:42.252297 INFO::Creating boxplot for categorical data, pH vs Lentitheciaceae_gen_Incertae_sedis
2024-11-24 16:07:42.438166 INFO::Creating boxplot for categorical data, pH vs Tolypocladium
2024-11-24 16:07:42.600757 INFO::Creating boxplot for categorical data, pH vs Siepmannia
2024-11-24 16:07:42.761948 INFO::Creating boxplot for categorical data, pH vs Endogonomycetes_gen_Incertae_sedis
2024-11-24 16:07:42.920749 INFO::Creating boxplot for categorical data, pH vs Kurtzmaniella
2024-11-24 16:07:43.085995 INFO::Creating boxplot for categorical data, pH vs Sympoventuriaceae_gen_Incertae_sedis
2024-11-24 16:07:43.369193 INFO::Creating boxplot for categorical data, pH vs Babjevia
2024-11-24 16:07:44.396123 INFO::Creating boxplot for categorical data, pH vs Chaetosphaeria
2024-11-24 16:07:46.16433 INFO::Creating boxplot for categorical data, pH vs Dermea
2024-11-24 16:07:46.403234 INFO::Creating boxplot for categorical data, pH vs Hamatocanthoscypha
2024-11-24 16:07:46.567062 INFO::Creating boxplot for categorical data, pH vs Lyomyces
2024-11-24 16:07:46.732847 INFO::Creating boxplot for categorical data, pH vs Oidiodendron
2024-11-24 16:07:46.892794 INFO::Creating boxplot for categorical data, pH vs Vestigium
2024-11-24 16:07:47.067641 INFO::Creating boxplot for categorical data, pH vs Gyoerffyella
2024-11-24 16:07:48.089158 INFO::Creating boxplot for categorical data, pH vs Yamadamyces
2024-11-24 16:07:49.117805 INFO::Creating boxplot for categorical data, pH vs Lecythophora
2024-11-24 16:07:50.131435 INFO::Creating boxplot for categorical data, pH vs Brahmaculus
2024-11-24 16:07:51.293878 INFO::Creating boxplot for categorical data, pH vs Ascochyta
2024-11-24 16:07:51.486148 INFO::Creating boxplot for categorical data, pH vs Entimomentora
2024-11-24 16:07:51.696455 INFO::Creating boxplot for categorical data, pH vs Aphanocladium
2024-11-24 16:07:51.90076 INFO::Creating boxplot for categorical data, pH vs Ophiocordycipitaceae_gen_Incertae_sedis
2024-11-24 16:07:52.103272 INFO::Creating boxplot for categorical data, pH vs Tylospora
2024-11-24 16:07:53.24594 INFO::Creating boxplot for categorical data, pH vs Isthmomyces
2024-11-24 16:07:53.41222 INFO::Creating boxplot for categorical data, pH vs Herpotrichia
2024-11-24 16:07:53.577363 INFO::Creating boxplot for categorical data, pH vs Mycosphaerellales_gen_Incertae_sedis
2024-11-24 16:07:53.816577 INFO::Creating boxplot for categorical data, pH vs Oliveonia
2024-11-24 16:07:54.000677 INFO::Creating boxplot for categorical data, pH vs Cylindrosympodium
2024-11-24 16:07:55.042825 INFO::Creating boxplot for categorical data, pH vs Monoblepharomycota_gen_Incertae_sedis
2024-11-24 16:07:55.207756 INFO::Creating boxplot for categorical data, pH vs Rhodotorula
2024-11-24 16:07:55.371174 INFO::Creating boxplot for categorical data, pH vs Helminthosphaeriaceae_gen_Incertae_sedis
2024-11-24 16:07:55.536346 INFO::Creating boxplot for categorical data, pH vs Rhizophagus
2024-11-24 16:07:55.700475 INFO::Creating boxplot for categorical data, pH vs Auriculariales_gen_Incertae_sedis
2024-11-24 16:07:55.868847 INFO::Creating boxplot for categorical data, pH vs Thelephora
2024-11-24 16:07:56.10085 INFO::Creating boxplot for categorical data, pH vs Genolevuria
2024-11-24 16:07:57.16842 INFO::Creating boxplot for categorical data, pH vs Achroceratosphaeria
2024-11-24 16:07:57.341881 INFO::Creating boxplot for categorical data, pH vs Endogonales_gen_Incertae_sedis
2024-11-24 16:07:57.506481 INFO::Creating boxplot for categorical data, pH vs Geomyces
2024-11-24 16:07:57.671852 INFO::Creating boxplot for categorical data, pH vs Herpotrichiellaceae_gen_Incertae_sedis
2024-11-24 16:07:57.836085 INFO::Creating boxplot for categorical data, pH vs Mortierellomycetes_gen_Incertae_sedis
2024-11-24 16:07:57.997319 INFO::Creating boxplot for categorical data, pH vs Pseudoplectania
2024-11-24 16:07:58.323179 INFO::Creating boxplot for categorical data, pH vs Synnemapestaloides
2024-11-24 16:08:00.161207 INFO::Creating boxplot for categorical data, pH vs Septoria
2024-11-24 16:08:00.351773 INFO::Creating boxplot for categorical data, pH vs Scleroconidioma
2024-11-24 16:08:00.553909 INFO::Creating boxplot for categorical data, pH vs GS12_gen_Incertae_sedis
2024-11-24 16:08:00.725978 INFO::Creating boxplot for categorical data, pH vs Micropeltidaceae_gen_Incertae_sedis
2024-11-24 16:08:00.913792 INFO::Creating boxplot for categorical data, pH vs Tremellomycetes_gen_Incertae_sedis
2024-11-24 16:08:01.116613 INFO::Creating boxplot for categorical data, pH vs Sanchytriaceae_gen_Incertae_sedis
2024-11-24 16:08:02.196665 INFO::Creating boxplot for categorical data, pH vs Haplographium
2024-11-24 16:08:03.245255 INFO::Creating boxplot for categorical data, pH vs Nadsonia
2024-11-24 16:08:03.478038 INFO::Creating boxplot for categorical data, pH vs Cladosporium
2024-11-24 16:08:03.643825 INFO::Creating boxplot for categorical data, pH vs Cryptococcus
2024-11-24 16:08:03.813203 INFO::Creating boxplot for categorical data, pH vs Coccomyces
2024-11-24 16:08:03.990675 INFO::Creating boxplot for categorical data, pH vs Sporormiaceae_gen_Incertae_sedis
2024-11-24 16:08:05.028645 INFO::Creating boxplot for categorical data, pH vs Trichosporiella
2024-11-24 16:08:05.226641 INFO::Creating boxplot for categorical data, pH vs Endophragmiella
2024-11-24 16:08:05.405472 INFO::Creating boxplot for categorical data, pH vs Sakaguchia
2024-11-24 16:08:05.567382 INFO::Creating boxplot for categorical data, pH vs Chaetospermum
2024-11-24 16:08:05.735827 INFO::Creating boxplot for categorical data, pH vs Ochroconis
2024-11-24 16:08:05.954198 INFO::Creating boxplot for categorical data, pH vs Occultifur
2024-11-24 16:08:07.000327 INFO::Creating boxplot for categorical data, pH vs Ballistosporomyces
2024-11-24 16:08:08.041872 INFO::Creating boxplot for categorical data, pH vs Ceratobasidium
2024-11-24 16:08:08.210264 INFO::Creating boxplot for categorical data, pH vs Psoroglaena
2024-11-24 16:08:08.373297 INFO::Creating boxplot for categorical data, pH vs Calycellina
2024-11-24 16:08:08.541299 INFO::Creating boxplot for categorical data, pH vs Drechmeria
2024-11-24 16:08:08.707658 INFO::Creating boxplot for categorical data, pH vs Meniscomyces
2024-11-24 16:08:08.873199 INFO::Creating boxplot for categorical data, pH vs Calycina
2024-11-24 16:08:09.087694 INFO::Creating boxplot for categorical data, pH vs Gloeopycnis
2024-11-24 16:08:10.11823 INFO::Creating boxplot for categorical data, pH vs Dictyosporiaceae_gen_Incertae_sedis
2024-11-24 16:08:11.187801 INFO::Creating boxplot for categorical data, pH vs Umbelopsidomycetes_gen_Incertae_sedis
2024-11-24 16:08:12.215423 INFO::Creating boxplot for categorical data, pH vs Chionosphaeraceae_gen_Incertae_sedis
2024-11-24 16:08:13.226677 INFO::Creating boxplot for categorical data, pH vs Agaricostilbales_gen_Incertae_sedis
2024-11-24 16:08:14.278168 INFO::Creating boxplot for categorical data, pH vs Basidiobolus
2024-11-24 16:08:16.164777 INFO::Creating boxplot for categorical data, pH vs Ceraceomyces
2024-11-24 16:08:16.341443 INFO::Creating boxplot for categorical data, pH vs Filobasidiales_gen_Incertae_sedis
2024-11-24 16:08:16.570931 INFO::Creating boxplot for categorical data, pH vs Pyronemataceae_gen_Incertae_sedis
2024-11-24 16:08:16.731807 INFO::Creating boxplot for categorical data, pH vs Renatobasidium
2024-11-24 16:08:16.90422 INFO::Creating boxplot for categorical data, pH vs Lipomycetaceae_gen_Incertae_sedis
2024-11-24 16:08:17.074075 INFO::Creating boxplot for categorical data, pH vs Neosetophoma
2024-11-24 16:08:19.111556 INFO::Creating boxplot for categorical data, pH vs Taeniolella
2024-11-24 16:08:19.295251 INFO::Creating boxplot for categorical data, pH vs Perennicordyceps
2024-11-24 16:08:19.462041 INFO::Creating boxplot for categorical data, pH vs Exidia
2024-11-24 16:08:19.62868 INFO::Creating boxplot for categorical data, pH vs Venturiocistella
2024-11-24 16:08:19.853903 INFO::Creating boxplot for categorical data, pH vs Eurotiales_gen_Incertae_sedis
2024-11-24 16:08:20.01757 INFO::Creating boxplot for categorical data, pH vs Myxozyma
2024-11-24 16:08:20.186952 INFO::Creating boxplot for categorical data, pH vs Nectriella
2024-11-24 16:08:21.240424 INFO::Creating boxplot for categorical data, pH vs Roesleria
2024-11-24 16:08:22.275212 INFO::Creating boxplot for categorical data, pH vs Colpoma
2024-11-24 16:08:22.44778 INFO::Creating boxplot for categorical data, pH vs GS18_ord_Incertae_sedis_gen_Incertae_sedis
2024-11-24 16:08:22.622921 INFO::Creating boxplot for categorical data, pH vs Micarea
2024-11-24 16:08:22.79429 INFO::Creating boxplot for categorical data, pH vs Preussia
2024-11-24 16:08:23.032981 INFO::Creating boxplot for categorical data, pH vs Clavaria
2024-11-24 16:08:24.086738 INFO::Creating boxplot for categorical data, pH vs Scytalidium
2024-11-24 16:08:25.22908 INFO::Creating boxplot for categorical data, pH vs Diddensiella
2024-11-24 16:08:25.394278 INFO::Creating boxplot for categorical data, pH vs Paraleptosphaeria
2024-11-24 16:08:25.560199 INFO::Creating boxplot for categorical data, pH vs Zygorhynchus
2024-11-24 16:08:25.733555 INFO::Creating boxplot for categorical data, pH vs Chloridium
2024-11-24 16:08:25.907526 INFO::Creating boxplot for categorical data, pH vs Vishniacozyma
2024-11-24 16:08:26.075721 INFO::Creating boxplot for categorical data, pH vs Vacuiphoma
2024-11-24 16:08:27.171024 INFO::Creating boxplot for categorical data, pH vs Davidhawksworthia
2024-11-24 16:08:28.194404 INFO::Creating boxplot for categorical data, pH vs Septoglomus
2024-11-24 16:08:29.203361 INFO::Creating boxplot for categorical data, pH vs Thaxterogaster
2024-11-24 16:08:29.370215 INFO::Creating boxplot for categorical data, pH vs Dictyolus
2024-11-24 16:08:29.538543 INFO::Creating boxplot for categorical data, pH vs Didymella
2024-11-24 16:08:29.705097 INFO::Creating boxplot for categorical data, pH vs Colletotrichum
2024-11-24 16:08:29.869104 INFO::Creating boxplot for categorical data, pH vs Peniophorella
2024-11-24 16:08:30.049317 INFO::Creating boxplot for categorical data, pH vs Neurospora
2024-11-24 16:08:31.169455 INFO::Creating boxplot for categorical data, pH vs Lobulomyces
2024-11-24 16:08:31.335642 INFO::Creating boxplot for categorical data, pH vs Pyrenopeziza
2024-11-24 16:08:31.50275 INFO::Creating boxplot for categorical data, pH vs Mallocybe
2024-11-24 16:08:31.665043 INFO::Creating boxplot for categorical data, pH vs Inocybe
2024-11-24 16:08:31.831576 INFO::Creating boxplot for categorical data, pH vs Myrothecium
2024-11-24 16:08:31.994809 INFO::Creating boxplot for categorical data, pH vs Mollisia
2024-11-24 16:08:32.148552 INFO::Creating boxplot for categorical data, pH vs Patellariales_gen_Incertae_sedis
2024-11-24 16:08:33.154593 INFO::Creating boxplot for categorical data, pH vs Slooffia
2024-11-24 16:08:35.551781 INFO::Creating boxplot for categorical data, pH vs Trichobolus
2024-11-24 16:08:35.729071 INFO::Creating boxplot for categorical data, pH vs Phacidium
2024-11-24 16:08:35.896332 INFO::Creating boxplot for categorical data, pH vs Hypocreales_gen_Incertae_sedis
2024-11-24 16:08:36.057727 INFO::Creating boxplot for categorical data, pH vs Trichoderma
2024-11-24 16:08:36.476138 INFO::Creating boxplot for categorical data, pH vs GS08_gen_Incertae_sedis
2024-11-24 16:08:38.246212 INFO::Creating boxplot for categorical data, pH vs Infundichalara
2024-11-24 16:08:38.604711 INFO::Creating boxplot for categorical data, pH vs Cutaneotrichosporon
2024-11-24 16:08:38.929746 INFO::Creating boxplot for categorical data, pH vs Malassezia
2024-11-24 16:08:39.216748 INFO::Creating boxplot for categorical data, pH vs Pycnora
2024-11-24 16:08:40.252602 INFO::Creating boxplot for categorical data, pH vs Dissoderma
2024-11-24 16:08:41.277669 INFO::Creating boxplot for categorical data, pH vs Glutinomyces
2024-11-24 16:08:41.448716 INFO::Creating boxplot for categorical data, pH vs Mortierellales_gen_Incertae_sedis
2024-11-24 16:08:41.614747 INFO::Creating boxplot for categorical data, pH vs Pseudodictyosporium
2024-11-24 16:08:41.787036 INFO::Creating boxplot for categorical data, pH vs Pucciniales_gen_Incertae_sedis
2024-11-24 16:08:41.947583 INFO::Creating boxplot for categorical data, pH vs Pseudovalsaria
2024-11-24 16:08:42.110298 INFO::Creating boxplot for categorical data, pH vs Bacidina
2024-11-24 16:08:44.186917 INFO::Creating boxplot for categorical data, pH vs Sepedonium
2024-11-24 16:08:44.36987 INFO::Creating boxplot for categorical data, pH vs Acarospora
2024-11-24 16:08:44.545867 INFO::Creating boxplot for categorical data, pH vs Gryganskiella
2024-11-24 16:08:44.706067 INFO::Creating boxplot for categorical data, pH vs Laetinaevia
2024-11-24 16:08:44.876843 INFO::Creating boxplot for categorical data, pH vs Basidiodendron
2024-11-24 16:08:45.04895 INFO::Creating boxplot for categorical data, pH vs Byssoporia
2024-11-24 16:08:45.216898 INFO::Creating boxplot for categorical data, pH vs Cystobasidiales_gen_Incertae_sedis
2024-11-24 16:08:46.236403 INFO::Creating boxplot for categorical data, pH vs Mrakiaceae_gen_Incertae_sedis
2024-11-24 16:08:47.261668 INFO::Creating boxplot for categorical data, pH vs Dioszegia
2024-11-24 16:08:48.346149 INFO::Creating boxplot for categorical data, pH vs Goidanichiella
2024-11-24 16:08:48.525165 INFO::Creating boxplot for categorical data, pH vs Hebeloma
2024-11-24 16:08:48.687733 INFO::Creating boxplot for categorical data, pH vs Scolecolachnum
2024-11-24 16:08:48.848344 INFO::Creating boxplot for categorical data, pH vs Phaeotrichum
2024-11-24 16:08:49.014906 INFO::Creating boxplot for categorical data, pH vs Karstenia
2024-11-24 16:08:50.017901 INFO::Creating boxplot for categorical data, pH vs Pseudeurotium
2024-11-24 16:08:50.310152 INFO::Creating boxplot for categorical data, pH vs Helotiales_gen_Incertae_sedis
2024-11-24 16:08:51.364194 INFO::Creating boxplot for categorical data, pH vs Tausonia
2024-11-24 16:08:53.323542 INFO::Creating boxplot for categorical data, pH vs Clavulinaceae_gen_Incertae_sedis
2024-11-24 16:08:53.507089 INFO::Creating boxplot for categorical data, pH vs Comoclathris
2024-11-24 16:08:53.672333 INFO::Creating boxplot for categorical data, pH vs Xenodidymella
2024-11-24 16:08:53.83645 INFO::Creating boxplot for categorical data, pH vs Pholiota
2024-11-24 16:08:54.002048 INFO::Creating boxplot for categorical data, pH vs Podospora
2024-11-24 16:08:55.10057 INFO::Creating boxplot for categorical data, pH vs Calloria
2024-11-24 16:08:55.269313 INFO::Creating boxplot for categorical data, pH vs Buckleyzyma
2024-11-24 16:08:55.434494 INFO::Creating boxplot for categorical data, pH vs Cyphellophoraceae_gen_Incertae_sedis
2024-11-24 16:08:55.666299 INFO::Creating boxplot for categorical data, pH vs Hypogymnia
2024-11-24 16:08:55.834071 INFO::Creating boxplot for categorical data, pH vs Metarhizium
2024-11-24 16:08:56.001542 INFO::Creating boxplot for categorical data, pH vs Volutella
2024-11-24 16:08:56.168836 INFO::Creating boxplot for categorical data, pH vs Ceratobasidiaceae_gen_Incertae_sedis
2024-11-24 16:08:57.187252 INFO::Creating boxplot for categorical data, pH vs Ascocorticium
2024-11-24 16:08:57.36811 INFO::Creating boxplot for categorical data, pH vs Dominikia
2024-11-24 16:08:57.547352 INFO::Creating boxplot for categorical data, pH vs Saccharomycetales_gen_Incertae_sedis
2024-11-24 16:08:57.704769 INFO::Creating boxplot for categorical data, pH vs Annulatascales_gen_Incertae_sedis
2024-11-24 16:08:57.926752 INFO::Creating boxplot for categorical data, pH vs Sporidiobolales_gen_Incertae_sedis
2024-11-24 16:08:58.088332 INFO::Creating boxplot for categorical data, pH vs Mrakia
2024-11-24 16:08:58.420812 INFO::Creating boxplot for categorical data, pH vs Keithomyces
2024-11-24 16:08:59.374886 INFO::Creating boxplot for categorical data, pH vs Peltigera
2024-11-24 16:08:59.575645 INFO::Creating boxplot for categorical data, pH vs Filobasidiella
2024-11-24 16:08:59.747293 INFO::Creating boxplot for categorical data, pH vs Spiromyces
2024-11-24 16:08:59.905229 INFO::Creating boxplot for categorical data, pH vs Ramariopsis
2024-11-24 16:09:00.08613 INFO::Creating boxplot for categorical data, pH vs Lacrymaria
2024-11-24 16:09:00.465488 INFO::Creating boxplot for categorical data, pH vs Piptocephalidaceae_gen_Incertae_sedis
2024-11-24 16:09:01.395392 INFO::Creating boxplot for categorical data, pH vs Pseudoanungitea
2024-11-24 16:09:01.570116 INFO::Creating boxplot for categorical data, pH vs Sporidiobolaceae_gen_Incertae_sedis
2024-11-24 16:09:01.727515 INFO::Creating boxplot for categorical data, pH vs Plectosphaerellaceae_gen_Incertae_sedis
2024-11-24 16:09:01.892523 INFO::Creating boxplot for categorical data, pH vs Pseudocyclothyriella
2024-11-24 16:09:02.06189 INFO::Creating boxplot for categorical data, pH vs Verrucariaceae_gen_Incertae_sedis
2024-11-24 16:09:03.075066 INFO::Creating boxplot for categorical data, pH vs Ampulloclitocybe
2024-11-24 16:09:04.086971 INFO::Creating boxplot for categorical data, pH vs Hannaella
2024-11-24 16:09:05.100264 INFO::Creating boxplot for categorical data, pH vs Calophoma
2024-11-24 16:09:06.199975 INFO::Creating boxplot for categorical data, pH vs Dactylella
2024-11-24 16:09:07.236338 INFO::Creating boxplot for categorical data, pH vs Atheliales_gen_Incertae_sedis
2024-11-24 16:09:08.241997 INFO::Creating boxplot for categorical data, pH vs Monacrosporium
2024-11-24 16:09:09.246871 INFO::Creating boxplot for categorical data, pH vs Mycoarthris
2024-11-24 16:09:09.424446 INFO::Creating boxplot for categorical data, pH vs Sanchytrium
2024-11-24 16:09:09.58379 INFO::Creating boxplot for categorical data, pH vs Spermospora
2024-11-24 16:09:09.742458 INFO::Creating boxplot for categorical data, pH vs Geopora
2024-11-24 16:09:09.903439 INFO::Creating boxplot for categorical data, pH vs Rhinocladiella
2024-11-24 16:09:11.029455 INFO::Creating boxplot for categorical data, pH vs Spirosphaera
2024-11-24 16:09:12.166644 INFO::Creating boxplot for categorical data, pH vs Spizellomycetales_gen_Incertae_sedis
2024-11-24 16:09:12.34404 INFO::Creating boxplot for categorical data, pH vs Ramophialophora
2024-11-24 16:09:12.513087 INFO::Creating boxplot for categorical data, pH vs Rhodosporidiobolus
2024-11-24 16:09:12.687346 INFO::Creating boxplot for categorical data, pH vs Cladonia
2024-11-24 16:09:12.85686 INFO::Creating boxplot for categorical data, pH vs Yurkovia
2024-11-24 16:09:13.020862 INFO::Creating boxplot for categorical data, pH vs Niessliaceae_gen_Incertae_sedis
2024-11-24 16:09:13.327007 INFO::Creating boxplot for categorical data, pH vs Polyscytalum
2024-11-24 16:09:15.260624 INFO::Creating boxplot for categorical data, pH vs Leprocaulon
2024-11-24 16:09:15.442239 INFO::Creating boxplot for categorical data, pH vs Lasiobolidium
2024-11-24 16:09:15.612645 INFO::Creating boxplot for categorical data, pH vs GS10_gen_Incertae_sedis
2024-11-24 16:09:15.777655 INFO::Creating boxplot for categorical data, pH vs Pseudeurotiaceae_gen_Incertae_sedis
2024-11-24 16:09:15.954123 INFO::Creating boxplot for categorical data, pH vs GS01_phy_Incertae_sedis_gen_Incertae_sedis
2024-11-24 16:09:16.133025 INFO::Creating boxplot for categorical data, pH vs Xenopolyscytalum
2024-11-24 16:09:16.428909 INFO::Creating boxplot for categorical data, pH vs Heterocephalacria
2024-11-24 16:09:17.340228 INFO::Creating boxplot for categorical data, pH vs Camptobasidium
2024-11-24 16:09:17.615624 INFO::Creating boxplot for categorical data, pH vs Mucor
2024-11-24 16:09:17.800662 INFO::Creating boxplot for categorical data, pH vs Verrucaria
2024-11-24 16:09:17.977027 INFO::Creating boxplot for categorical data, pH vs Archaeorhizomycetes_gen_Incertae_sedis
2024-11-24 16:09:18.142428 INFO::Creating boxplot for categorical data, pH vs Geoglossales_gen_Incertae_sedis
2024-11-24 16:09:18.309744 INFO::Creating boxplot for categorical data, pH vs Helotiaceae_gen_Incertae_sedis
2024-11-24 16:09:19.354622 INFO::Creating boxplot for categorical data, pH vs Hygrophorus
2024-11-24 16:09:19.526355 INFO::Creating boxplot for categorical data, pH vs Hypochnicium
2024-11-24 16:09:19.695088 INFO::Creating boxplot for categorical data, pH vs Pustularia
2024-11-24 16:09:19.929586 INFO::Creating boxplot for categorical data, pH vs Athelia
2024-11-24 16:09:20.130066 INFO::Creating boxplot for categorical data, pH vs Discosia
2024-11-24 16:09:20.310768 INFO::Creating boxplot for categorical data, pH vs GS27_ord_Incertae_sedis_gen_Incertae_sedis
2024-11-24 16:09:21.33962 INFO::Creating boxplot for categorical data, pH vs Tremellodendropsidales_gen_Incertae_sedis
2024-11-24 16:09:21.516927 INFO::Creating boxplot for categorical data, pH vs Xenochalara
2024-11-24 16:09:21.685502 INFO::Creating boxplot for categorical data, pH vs Calyptella
2024-11-24 16:09:21.84165 INFO::Creating boxplot for categorical data, pH vs Rhexocercosporidium
2024-11-24 16:09:22.006632 INFO::Creating boxplot for categorical data, pH vs Hormonema
2024-11-24 16:09:23.096418 INFO::Creating boxplot for categorical data, pH vs Pectenia
2024-11-24 16:09:23.280621 INFO::Creating boxplot for categorical data, pH vs Thelebolus
2024-11-24 16:09:23.451207 INFO::Creating boxplot for categorical data, pH vs Clavulina
2024-11-24 16:09:23.606102 INFO::Creating boxplot for categorical data, pH vs Clavariaceae_gen_Incertae_sedis
2024-11-24 16:09:23.773285 INFO::Creating boxplot for categorical data, pH vs Powellomycetaceae_gen_Incertae_sedis
2024-11-24 16:09:23.940247 INFO::Creating boxplot for categorical data, pH vs Sordariales_gen_Incertae_sedis
2024-11-24 16:09:24.092976 INFO::Creating boxplot for categorical data, pH vs Piptocephalis
2024-11-24 16:09:24.400568 INFO::Creating boxplot for categorical data, pH vs Leotiaceae_gen_Incertae_sedis
2024-11-24 16:09:25.422496 INFO::Creating boxplot for categorical data, pH vs Chalara
2024-11-24 16:09:25.590294 INFO::Creating boxplot for categorical data, pH vs Umbilicariales_gen_Incertae_sedis
2024-11-24 16:09:25.756691 INFO::Creating boxplot for categorical data, pH vs Apiosordaria
2024-11-24 16:09:25.913696 INFO::Creating boxplot for categorical data, pH vs Roridomyces
2024-11-24 16:09:26.077417 INFO::Creating boxplot for categorical data, pH vs Tulasnellaceae_gen_Incertae_sedis
2024-11-24 16:09:26.237014 INFO::Creating boxplot for categorical data, pH vs Absconditella
2024-11-24 16:09:27.329036 INFO::Creating boxplot for categorical data, pH vs Nectriaceae_gen_Incertae_sedis
2024-11-24 16:09:27.491807 INFO::Creating boxplot for categorical data, pH vs Neoschizothecium
2024-11-24 16:09:27.71582 INFO::Creating boxplot for categorical data, pH vs Sarcopodium
2024-11-24 16:09:27.882919 INFO::Creating boxplot for categorical data, pH vs Phaeococcomyces
2024-11-24 16:09:28.057072 INFO::Creating boxplot for categorical data, pH vs Diaporthe
2024-11-24 16:09:29.061035 INFO::Creating boxplot for categorical data, pH vs Trimmatostroma
2024-11-24 16:09:30.080163 INFO::Creating boxplot for categorical data, pH vs Sphaerulina
2024-11-24 16:09:30.261035 INFO::Creating boxplot for categorical data, pH vs Entocybe
2024-11-24 16:09:30.431226 INFO::Creating boxplot for categorical data, pH vs Rhizoctonia
2024-11-24 16:09:30.595162 INFO::Creating boxplot for categorical data, pH vs Russula
2024-11-24 16:09:30.824925 INFO::Creating boxplot for categorical data, pH vs Eocronartium
2024-11-24 16:09:31.106383 INFO::Creating boxplot for categorical data, pH vs Burgoa
2024-11-24 16:09:32.33855 INFO::Creating boxplot for categorical data, pH vs Archaeorhizomycetales_gen_Incertae_sedis
2024-11-24 16:09:32.517821 INFO::Creating boxplot for categorical data, pH vs Phaeothecaceae_gen_Incertae_sedis
2024-11-24 16:09:32.699881 INFO::Creating boxplot for categorical data, pH vs Bannozyma
2024-11-24 16:09:32.889774 INFO::Creating boxplot for categorical data, pH vs Candida
2024-11-24 16:09:33.062025 INFO::Creating boxplot for categorical data, pH vs Leucosporidiales_gen_Incertae_sedis
2024-11-24 16:09:33.229312 INFO::Creating boxplot for categorical data, pH vs Xenasmatella
2024-11-24 16:09:34.355803 INFO::Creating boxplot for categorical data, pH vs Geminibasidium
2024-11-24 16:09:34.555884 INFO::Creating boxplot for categorical data, pH vs Stereocaulon
2024-11-24 16:09:34.736996 INFO::Creating boxplot for categorical data, pH vs Myxotrichaceae_gen_Incertae_sedis
2024-11-24 16:09:34.911452 INFO::Creating boxplot for categorical data, pH vs GS26_ord_Incertae_sedis_gen_Incertae_sedis
2024-11-24 16:09:35.098699 INFO::Creating boxplot for categorical data, pH vs Lectera
2024-11-24 16:09:35.282366 INFO::Creating boxplot for categorical data, pH vs Kuehneromyces
2024-11-24 16:09:36.481323 INFO::Creating boxplot for categorical data, pH vs Polydesmia
2024-11-24 16:09:38.315137 INFO::Creating boxplot for categorical data, pH vs Naganishia
2024-11-24 16:09:38.560006 INFO::Creating boxplot for categorical data, pH vs Sistotrema
2024-11-24 16:09:38.762149 INFO::Creating boxplot for categorical data, pH vs Teratosphaeria
2024-11-24 16:09:38.944972 INFO::Creating boxplot for categorical data, pH vs Hyaloraphidium
2024-11-24 16:09:39.111643 INFO::Creating boxplot for categorical data, pH vs Leotiales_gen_Incertae_sedis
2024-11-24 16:09:40.149595 INFO::Creating boxplot for categorical data, pH vs Sebacinales_gen_Incertae_sedis
2024-11-24 16:09:41.193457 INFO::Creating boxplot for categorical data, pH vs Orbiliales_gen_Incertae_sedis
2024-11-24 16:09:42.398847 INFO::Creating boxplot for categorical data, pH vs Pleosporales_gen_Incertae_sedis
2024-11-24 16:09:44.480012 INFO::Creating boxplot for categorical data, pH vs Dothideales_gen_Incertae_sedis
2024-11-24 16:09:44.829089 INFO::Creating boxplot for categorical data, pH vs Metschnikowia
2024-11-24 16:09:45.012825 INFO::Creating boxplot for categorical data, pH vs Neoacrodontium
2024-11-24 16:09:46.044541 INFO::Creating boxplot for categorical data, pH vs Lapidomyces
2024-11-24 16:09:47.067853 INFO::Creating boxplot for categorical data, pH vs Tympanidaceae_gen_Incertae_sedis
2024-11-24 16:09:48.090313 INFO::Creating boxplot for categorical data, pH vs Stilbella
2024-11-24 16:09:48.287313 INFO::Creating boxplot for categorical data, pH vs Cordieritidaceae_gen_Incertae_sedis
2024-11-24 16:09:48.454103 INFO::Creating boxplot for categorical data, pH vs Exobasidium
2024-11-24 16:09:48.628927 INFO::Creating boxplot for categorical data, pH vs Kockovaella
2024-11-24 16:09:48.859887 INFO::Creating boxplot for categorical data, pH vs Trechisporales_gen_Incertae_sedis
2024-11-24 16:09:49.027702 INFO::Creating boxplot for categorical data, pH vs Piskurozyma
2024-11-24 16:09:49.200444 INFO::Creating boxplot for categorical data, pH vs Agonimia
2024-11-24 16:09:50.20792 INFO::Creating boxplot for categorical data, pH vs Sistotremastrum
2024-11-24 16:09:51.231757 INFO::Creating boxplot for categorical data, pH vs Psathyrella
2024-11-24 16:09:52.266888 INFO::Creating boxplot for categorical data, pH vs Mycobilimbia
2024-11-24 16:09:53.28615 INFO::Creating boxplot for categorical data, pH vs Articulospora
2024-11-24 16:09:54.314582 INFO::Creating boxplot for categorical data, pH vs Diatrype
2024-11-24 16:09:54.607692 INFO::Creating boxplot for categorical data, pH vs Mytilinidion
2024-11-24 16:09:54.778809 INFO::Creating boxplot for categorical data, pH vs Myrmecridium
2024-11-24 16:09:54.947321 INFO::Creating boxplot for categorical data, pH vs Tricholoma
2024-11-24 16:09:55.118151 INFO::Creating boxplot for categorical data, pH vs Hypomyces
2024-11-24 16:09:56.149974 INFO::Creating boxplot for categorical data, pH vs Coprinus
2024-11-24 16:09:57.193425 INFO::Creating boxplot for categorical data, pH vs Dissophora
2024-11-24 16:09:58.23742 INFO::Creating boxplot for categorical data, pH vs Alternaria
2024-11-24 16:09:59.421857 INFO::Creating boxplot for categorical data, pH vs Mycenaceae_gen_Incertae_sedis
2024-11-24 16:10:00.331005 INFO::Creating boxplot for categorical data, pH vs Paraphaeosphaeria
2024-11-24 16:10:02.371545 INFO::Creating boxplot for categorical data, pH vs Thelebolales_gen_Incertae_sedis
2024-11-24 16:10:02.55161 INFO::Creating boxplot for categorical data, pH vs Ascocoryne
2024-11-24 16:10:02.735065 INFO::Creating boxplot for categorical data, pH vs Filobasidium
2024-11-24 16:10:02.900928 INFO::Creating boxplot for categorical data, pH vs Claroideoglomus
2024-11-24 16:10:03.071212 INFO::Creating boxplot for categorical data, pH vs Rachicladosporium
